2025-02-01 09:54:44,646 [ERROR] /Users/alekseishatalov/PycharmProjects/MyNewsPaper/venv/lib/python3.8/site-packages/django/utils/log.py: Internal Server Error: /news/
Traceback (most recent call last):
  File "/Users/alekseishatalov/PycharmProjects/MyNewsPaper/venv/lib/python3.8/site-packages/django/core/handlers/exception.py", line 55, in inner
    response = get_response(request)
  File "/Users/alekseishatalov/PycharmProjects/MyNewsPaper/venv/lib/python3.8/site-packages/django/core/handlers/base.py", line 220, in _get_response
    response = response.render()
  File "/Users/alekseishatalov/PycharmProjects/MyNewsPaper/venv/lib/python3.8/site-packages/django/template/response.py", line 114, in render
    self.content = self.rendered_content
  File "/Users/alekseishatalov/PycharmProjects/MyNewsPaper/venv/lib/python3.8/site-packages/django/template/response.py", line 90, in rendered_content
    template = self.resolve_template(self.template_name)
  File "/Users/alekseishatalov/PycharmProjects/MyNewsPaper/venv/lib/python3.8/site-packages/django/template/response.py", line 72, in resolve_template
    return select_template(template, using=self.using)
  File "/Users/alekseishatalov/PycharmProjects/MyNewsPaper/venv/lib/python3.8/site-packages/django/template/loader.py", line 42, in select_template
    return engine.get_template(template_name)
  File "/Users/alekseishatalov/PycharmProjects/MyNewsPaper/venv/lib/python3.8/site-packages/django/template/backends/django.py", line 33, in get_template
    return Template(self.engine.get_template(template_name), self)
  File "/Users/alekseishatalov/PycharmProjects/MyNewsPaper/venv/lib/python3.8/site-packages/django/template/engine.py", line 175, in get_template
    template, origin = self.find_template(template_name)
  File "/Users/alekseishatalov/PycharmProjects/MyNewsPaper/venv/lib/python3.8/site-packages/django/template/engine.py", line 157, in find_template
    template = loader.get_template(name, skip=skip)
  File "/Users/alekseishatalov/PycharmProjects/MyNewsPaper/venv/lib/python3.8/site-packages/django/template/loaders/cached.py", line 57, in get_template
    template = super().get_template(template_name, skip)
  File "/Users/alekseishatalov/PycharmProjects/MyNewsPaper/venv/lib/python3.8/site-packages/django/template/loaders/base.py", line 28, in get_template
    return Template(
  File "/Users/alekseishatalov/PycharmProjects/MyNewsPaper/venv/lib/python3.8/site-packages/django/template/base.py", line 154, in __init__
    self.nodelist = self.compile_nodelist()
  File "/Users/alekseishatalov/PycharmProjects/MyNewsPaper/venv/lib/python3.8/site-packages/django/template/base.py", line 200, in compile_nodelist
    return parser.parse()
  File "/Users/alekseishatalov/PycharmProjects/MyNewsPaper/venv/lib/python3.8/site-packages/django/template/base.py", line 513, in parse
    raise self.error(token, e)
  File "/Users/alekseishatalov/PycharmProjects/MyNewsPaper/venv/lib/python3.8/site-packages/django/template/base.py", line 511, in parse
    compiled_result = compile_func(self, token)
  File "/Users/alekseishatalov/PycharmProjects/MyNewsPaper/venv/lib/python3.8/site-packages/django/template/loader_tags.py", line 293, in do_extends
    nodelist = parser.parse()
  File "/Users/alekseishatalov/PycharmProjects/MyNewsPaper/venv/lib/python3.8/site-packages/django/template/base.py", line 513, in parse
    raise self.error(token, e)
  File "/Users/alekseishatalov/PycharmProjects/MyNewsPaper/venv/lib/python3.8/site-packages/django/template/base.py", line 511, in parse
    compiled_result = compile_func(self, token)
  File "/Users/alekseishatalov/PycharmProjects/MyNewsPaper/venv/lib/python3.8/site-packages/django/template/loader_tags.py", line 232, in do_block
    nodelist = parser.parse(("endblock",))
  File "/Users/alekseishatalov/PycharmProjects/MyNewsPaper/venv/lib/python3.8/site-packages/django/template/base.py", line 513, in parse
    raise self.error(token, e)
  File "/Users/alekseishatalov/PycharmProjects/MyNewsPaper/venv/lib/python3.8/site-packages/django/template/base.py", line 511, in parse
    compiled_result = compile_func(self, token)
  File "/Users/alekseishatalov/PycharmProjects/MyNewsPaper/venv/lib/python3.8/site-packages/django/template/defaulttags.py", line 953, in do_if
    nodelist = parser.parse(("elif", "else", "endif"))
  File "/Users/alekseishatalov/PycharmProjects/MyNewsPaper/venv/lib/python3.8/site-packages/django/template/base.py", line 513, in parse
    raise self.error(token, e)
  File "/Users/alekseishatalov/PycharmProjects/MyNewsPaper/venv/lib/python3.8/site-packages/django/template/base.py", line 511, in parse
    compiled_result = compile_func(self, token)
  File "/Users/alekseishatalov/PycharmProjects/MyNewsPaper/venv/lib/python3.8/site-packages/django/templatetags/i18n.py", line 443, in do_translate
    raise TemplateSyntaxError(
django.template.exceptions.TemplateSyntaxError: Unknown argument for 'trans' tag: '"'. The only options available are 'noop', 'context' "xxx", and 'as VAR'.
2025-02-01 09:54:44,648 [ERROR] /Users/alekseishatalov/PycharmProjects/MyNewsPaper/venv/lib/python3.8/site-packages/django/core/servers/basehttp.py: "GET /news/ HTTP/1.1" 500 240903
2025-02-01 14:21:43,723 [ERROR] /Users/alekseishatalov/PycharmProjects/MyNewsPaper/venv/lib/python3.8/site-packages/django/utils/log.py: Internal Server Error: /news/
Traceback (most recent call last):
  File "/Users/alekseishatalov/PycharmProjects/MyNewsPaper/venv/lib/python3.8/site-packages/django/core/handlers/exception.py", line 55, in inner
    response = get_response(request)
  File "/Users/alekseishatalov/PycharmProjects/MyNewsPaper/venv/lib/python3.8/site-packages/django/core/handlers/base.py", line 220, in _get_response
    response = response.render()
  File "/Users/alekseishatalov/PycharmProjects/MyNewsPaper/venv/lib/python3.8/site-packages/django/template/response.py", line 114, in render
    self.content = self.rendered_content
  File "/Users/alekseishatalov/PycharmProjects/MyNewsPaper/venv/lib/python3.8/site-packages/django/template/response.py", line 92, in rendered_content
    return template.render(context, self._request)
  File "/Users/alekseishatalov/PycharmProjects/MyNewsPaper/venv/lib/python3.8/site-packages/django/template/backends/django.py", line 61, in render
    return self.template.render(context)
  File "/Users/alekseishatalov/PycharmProjects/MyNewsPaper/venv/lib/python3.8/site-packages/django/template/base.py", line 175, in render
    return self._render(context)
  File "/Users/alekseishatalov/PycharmProjects/MyNewsPaper/venv/lib/python3.8/site-packages/django/template/base.py", line 167, in _render
    return self.nodelist.render(context)
  File "/Users/alekseishatalov/PycharmProjects/MyNewsPaper/venv/lib/python3.8/site-packages/django/template/base.py", line 1005, in render
    return SafeString("".join([node.render_annotated(context) for node in self]))
  File "/Users/alekseishatalov/PycharmProjects/MyNewsPaper/venv/lib/python3.8/site-packages/django/template/base.py", line 1005, in <listcomp>
    return SafeString("".join([node.render_annotated(context) for node in self]))
  File "/Users/alekseishatalov/PycharmProjects/MyNewsPaper/venv/lib/python3.8/site-packages/django/template/base.py", line 966, in render_annotated
    return self.render(context)
  File "/Users/alekseishatalov/PycharmProjects/MyNewsPaper/venv/lib/python3.8/site-packages/django/template/loader_tags.py", line 157, in render
    return compiled_parent._render(context)
  File "/Users/alekseishatalov/PycharmProjects/MyNewsPaper/venv/lib/python3.8/site-packages/django/template/base.py", line 167, in _render
    return self.nodelist.render(context)
  File "/Users/alekseishatalov/PycharmProjects/MyNewsPaper/venv/lib/python3.8/site-packages/django/template/base.py", line 1005, in render
    return SafeString("".join([node.render_annotated(context) for node in self]))
  File "/Users/alekseishatalov/PycharmProjects/MyNewsPaper/venv/lib/python3.8/site-packages/django/template/base.py", line 1005, in <listcomp>
    return SafeString("".join([node.render_annotated(context) for node in self]))
  File "/Users/alekseishatalov/PycharmProjects/MyNewsPaper/venv/lib/python3.8/site-packages/django/template/base.py", line 966, in render_annotated
    return self.render(context)
  File "/Users/alekseishatalov/PycharmProjects/MyNewsPaper/venv/lib/python3.8/site-packages/django/template/defaulttags.py", line 471, in render
    url = reverse(view_name, args=args, kwargs=kwargs, current_app=current_app)
  File "/Users/alekseishatalov/PycharmProjects/MyNewsPaper/venv/lib/python3.8/site-packages/django/urls/base.py", line 88, in reverse
    return resolver._reverse_with_prefix(view, prefix, *args, **kwargs)
  File "/Users/alekseishatalov/PycharmProjects/MyNewsPaper/venv/lib/python3.8/site-packages/django/urls/resolvers.py", line 828, in _reverse_with_prefix
    raise NoReverseMatch(msg)
django.urls.exceptions.NoReverseMatch: Reverse for 'protect.urls' not found. 'protect.urls' is not a valid view function or pattern name.
2025-02-01 14:21:43,725 [ERROR] /Users/alekseishatalov/PycharmProjects/MyNewsPaper/venv/lib/python3.8/site-packages/django/core/servers/basehttp.py: "GET /news/ HTTP/1.1" 500 164665
2025-02-01 14:26:18,365 [ERROR] /Users/alekseishatalov/PycharmProjects/MyNewsPaper/venv/lib/python3.8/site-packages/django/utils/log.py: Internal Server Error: /news/
Traceback (most recent call last):
  File "/Users/alekseishatalov/PycharmProjects/MyNewsPaper/venv/lib/python3.8/site-packages/django/core/handlers/exception.py", line 55, in inner
    response = get_response(request)
  File "/Users/alekseishatalov/PycharmProjects/MyNewsPaper/venv/lib/python3.8/site-packages/django/core/handlers/base.py", line 220, in _get_response
    response = response.render()
  File "/Users/alekseishatalov/PycharmProjects/MyNewsPaper/venv/lib/python3.8/site-packages/django/template/response.py", line 114, in render
    self.content = self.rendered_content
  File "/Users/alekseishatalov/PycharmProjects/MyNewsPaper/venv/lib/python3.8/site-packages/django/template/response.py", line 92, in rendered_content
    return template.render(context, self._request)
  File "/Users/alekseishatalov/PycharmProjects/MyNewsPaper/venv/lib/python3.8/site-packages/django/template/backends/django.py", line 61, in render
    return self.template.render(context)
  File "/Users/alekseishatalov/PycharmProjects/MyNewsPaper/venv/lib/python3.8/site-packages/django/template/base.py", line 175, in render
    return self._render(context)
  File "/Users/alekseishatalov/PycharmProjects/MyNewsPaper/venv/lib/python3.8/site-packages/django/template/base.py", line 167, in _render
    return self.nodelist.render(context)
  File "/Users/alekseishatalov/PycharmProjects/MyNewsPaper/venv/lib/python3.8/site-packages/django/template/base.py", line 1005, in render
    return SafeString("".join([node.render_annotated(context) for node in self]))
  File "/Users/alekseishatalov/PycharmProjects/MyNewsPaper/venv/lib/python3.8/site-packages/django/template/base.py", line 1005, in <listcomp>
    return SafeString("".join([node.render_annotated(context) for node in self]))
  File "/Users/alekseishatalov/PycharmProjects/MyNewsPaper/venv/lib/python3.8/site-packages/django/template/base.py", line 966, in render_annotated
    return self.render(context)
  File "/Users/alekseishatalov/PycharmProjects/MyNewsPaper/venv/lib/python3.8/site-packages/django/template/loader_tags.py", line 132, in render
    compiled_parent = self.get_parent(context)
  File "/Users/alekseishatalov/PycharmProjects/MyNewsPaper/venv/lib/python3.8/site-packages/django/template/loader_tags.py", line 129, in get_parent
    return self.find_template(parent, context)
  File "/Users/alekseishatalov/PycharmProjects/MyNewsPaper/venv/lib/python3.8/site-packages/django/template/loader_tags.py", line 107, in find_template
    template, origin = context.template.engine.find_template(
  File "/Users/alekseishatalov/PycharmProjects/MyNewsPaper/venv/lib/python3.8/site-packages/django/template/engine.py", line 157, in find_template
    template = loader.get_template(name, skip=skip)
  File "/Users/alekseishatalov/PycharmProjects/MyNewsPaper/venv/lib/python3.8/site-packages/django/template/loaders/cached.py", line 57, in get_template
    template = super().get_template(template_name, skip)
  File "/Users/alekseishatalov/PycharmProjects/MyNewsPaper/venv/lib/python3.8/site-packages/django/template/loaders/base.py", line 28, in get_template
    return Template(
  File "/Users/alekseishatalov/PycharmProjects/MyNewsPaper/venv/lib/python3.8/site-packages/django/template/base.py", line 154, in __init__
    self.nodelist = self.compile_nodelist()
  File "/Users/alekseishatalov/PycharmProjects/MyNewsPaper/venv/lib/python3.8/site-packages/django/template/base.py", line 200, in compile_nodelist
    return parser.parse()
  File "/Users/alekseishatalov/PycharmProjects/MyNewsPaper/venv/lib/python3.8/site-packages/django/template/base.py", line 513, in parse
    raise self.error(token, e)
  File "/Users/alekseishatalov/PycharmProjects/MyNewsPaper/venv/lib/python3.8/site-packages/django/template/base.py", line 511, in parse
    compiled_result = compile_func(self, token)
  File "/Users/alekseishatalov/PycharmProjects/MyNewsPaper/venv/lib/python3.8/site-packages/django/template/defaulttags.py", line 1372, in url
    viewname = parser.compile_filter(bits[1])
  File "/Users/alekseishatalov/PycharmProjects/MyNewsPaper/venv/lib/python3.8/site-packages/django/template/base.py", line 600, in compile_filter
    return FilterExpression(token, self)
  File "/Users/alekseishatalov/PycharmProjects/MyNewsPaper/venv/lib/python3.8/site-packages/django/template/base.py", line 703, in __init__
    raise TemplateSyntaxError(
django.template.exceptions.TemplateSyntaxError: Could not parse the remainder: '/sign/' from '/sign/'
2025-02-01 14:26:18,366 [ERROR] /Users/alekseishatalov/PycharmProjects/MyNewsPaper/venv/lib/python3.8/site-packages/django/core/servers/basehttp.py: "GET /news/ HTTP/1.1" 500 200686
2025-02-01 14:26:20,385 [ERROR] /Users/alekseishatalov/PycharmProjects/MyNewsPaper/venv/lib/python3.8/site-packages/django/utils/log.py: Internal Server Error: /news/
Traceback (most recent call last):
  File "/Users/alekseishatalov/PycharmProjects/MyNewsPaper/venv/lib/python3.8/site-packages/django/core/handlers/exception.py", line 55, in inner
    response = get_response(request)
  File "/Users/alekseishatalov/PycharmProjects/MyNewsPaper/venv/lib/python3.8/site-packages/django/core/handlers/base.py", line 220, in _get_response
    response = response.render()
  File "/Users/alekseishatalov/PycharmProjects/MyNewsPaper/venv/lib/python3.8/site-packages/django/template/response.py", line 114, in render
    self.content = self.rendered_content
  File "/Users/alekseishatalov/PycharmProjects/MyNewsPaper/venv/lib/python3.8/site-packages/django/template/response.py", line 92, in rendered_content
    return template.render(context, self._request)
  File "/Users/alekseishatalov/PycharmProjects/MyNewsPaper/venv/lib/python3.8/site-packages/django/template/backends/django.py", line 61, in render
    return self.template.render(context)
  File "/Users/alekseishatalov/PycharmProjects/MyNewsPaper/venv/lib/python3.8/site-packages/django/template/base.py", line 175, in render
    return self._render(context)
  File "/Users/alekseishatalov/PycharmProjects/MyNewsPaper/venv/lib/python3.8/site-packages/django/template/base.py", line 167, in _render
    return self.nodelist.render(context)
  File "/Users/alekseishatalov/PycharmProjects/MyNewsPaper/venv/lib/python3.8/site-packages/django/template/base.py", line 1005, in render
    return SafeString("".join([node.render_annotated(context) for node in self]))
  File "/Users/alekseishatalov/PycharmProjects/MyNewsPaper/venv/lib/python3.8/site-packages/django/template/base.py", line 1005, in <listcomp>
    return SafeString("".join([node.render_annotated(context) for node in self]))
  File "/Users/alekseishatalov/PycharmProjects/MyNewsPaper/venv/lib/python3.8/site-packages/django/template/base.py", line 966, in render_annotated
    return self.render(context)
  File "/Users/alekseishatalov/PycharmProjects/MyNewsPaper/venv/lib/python3.8/site-packages/django/template/loader_tags.py", line 132, in render
    compiled_parent = self.get_parent(context)
  File "/Users/alekseishatalov/PycharmProjects/MyNewsPaper/venv/lib/python3.8/site-packages/django/template/loader_tags.py", line 129, in get_parent
    return self.find_template(parent, context)
  File "/Users/alekseishatalov/PycharmProjects/MyNewsPaper/venv/lib/python3.8/site-packages/django/template/loader_tags.py", line 107, in find_template
    template, origin = context.template.engine.find_template(
  File "/Users/alekseishatalov/PycharmProjects/MyNewsPaper/venv/lib/python3.8/site-packages/django/template/engine.py", line 157, in find_template
    template = loader.get_template(name, skip=skip)
  File "/Users/alekseishatalov/PycharmProjects/MyNewsPaper/venv/lib/python3.8/site-packages/django/template/loaders/cached.py", line 57, in get_template
    template = super().get_template(template_name, skip)
  File "/Users/alekseishatalov/PycharmProjects/MyNewsPaper/venv/lib/python3.8/site-packages/django/template/loaders/base.py", line 28, in get_template
    return Template(
  File "/Users/alekseishatalov/PycharmProjects/MyNewsPaper/venv/lib/python3.8/site-packages/django/template/base.py", line 154, in __init__
    self.nodelist = self.compile_nodelist()
  File "/Users/alekseishatalov/PycharmProjects/MyNewsPaper/venv/lib/python3.8/site-packages/django/template/base.py", line 200, in compile_nodelist
    return parser.parse()
  File "/Users/alekseishatalov/PycharmProjects/MyNewsPaper/venv/lib/python3.8/site-packages/django/template/base.py", line 513, in parse
    raise self.error(token, e)
  File "/Users/alekseishatalov/PycharmProjects/MyNewsPaper/venv/lib/python3.8/site-packages/django/template/base.py", line 511, in parse
    compiled_result = compile_func(self, token)
  File "/Users/alekseishatalov/PycharmProjects/MyNewsPaper/venv/lib/python3.8/site-packages/django/template/defaulttags.py", line 1372, in url
    viewname = parser.compile_filter(bits[1])
  File "/Users/alekseishatalov/PycharmProjects/MyNewsPaper/venv/lib/python3.8/site-packages/django/template/base.py", line 600, in compile_filter
    return FilterExpression(token, self)
  File "/Users/alekseishatalov/PycharmProjects/MyNewsPaper/venv/lib/python3.8/site-packages/django/template/base.py", line 703, in __init__
    raise TemplateSyntaxError(
django.template.exceptions.TemplateSyntaxError: Could not parse the remainder: '/sign/' from '/sign/'
2025-02-01 14:26:20,386 [ERROR] /Users/alekseishatalov/PycharmProjects/MyNewsPaper/venv/lib/python3.8/site-packages/django/core/servers/basehttp.py: "GET /news/ HTTP/1.1" 500 200686
2025-02-01 14:26:46,889 [ERROR] /Users/alekseishatalov/PycharmProjects/MyNewsPaper/venv/lib/python3.8/site-packages/django/utils/log.py: Internal Server Error: /news/
Traceback (most recent call last):
  File "/Users/alekseishatalov/PycharmProjects/MyNewsPaper/venv/lib/python3.8/site-packages/django/core/handlers/exception.py", line 55, in inner
    response = get_response(request)
  File "/Users/alekseishatalov/PycharmProjects/MyNewsPaper/venv/lib/python3.8/site-packages/django/core/handlers/base.py", line 220, in _get_response
    response = response.render()
  File "/Users/alekseishatalov/PycharmProjects/MyNewsPaper/venv/lib/python3.8/site-packages/django/template/response.py", line 114, in render
    self.content = self.rendered_content
  File "/Users/alekseishatalov/PycharmProjects/MyNewsPaper/venv/lib/python3.8/site-packages/django/template/response.py", line 92, in rendered_content
    return template.render(context, self._request)
  File "/Users/alekseishatalov/PycharmProjects/MyNewsPaper/venv/lib/python3.8/site-packages/django/template/backends/django.py", line 61, in render
    return self.template.render(context)
  File "/Users/alekseishatalov/PycharmProjects/MyNewsPaper/venv/lib/python3.8/site-packages/django/template/base.py", line 175, in render
    return self._render(context)
  File "/Users/alekseishatalov/PycharmProjects/MyNewsPaper/venv/lib/python3.8/site-packages/django/template/base.py", line 167, in _render
    return self.nodelist.render(context)
  File "/Users/alekseishatalov/PycharmProjects/MyNewsPaper/venv/lib/python3.8/site-packages/django/template/base.py", line 1005, in render
    return SafeString("".join([node.render_annotated(context) for node in self]))
  File "/Users/alekseishatalov/PycharmProjects/MyNewsPaper/venv/lib/python3.8/site-packages/django/template/base.py", line 1005, in <listcomp>
    return SafeString("".join([node.render_annotated(context) for node in self]))
  File "/Users/alekseishatalov/PycharmProjects/MyNewsPaper/venv/lib/python3.8/site-packages/django/template/base.py", line 966, in render_annotated
    return self.render(context)
  File "/Users/alekseishatalov/PycharmProjects/MyNewsPaper/venv/lib/python3.8/site-packages/django/template/loader_tags.py", line 157, in render
    return compiled_parent._render(context)
  File "/Users/alekseishatalov/PycharmProjects/MyNewsPaper/venv/lib/python3.8/site-packages/django/template/base.py", line 167, in _render
    return self.nodelist.render(context)
  File "/Users/alekseishatalov/PycharmProjects/MyNewsPaper/venv/lib/python3.8/site-packages/django/template/base.py", line 1005, in render
    return SafeString("".join([node.render_annotated(context) for node in self]))
  File "/Users/alekseishatalov/PycharmProjects/MyNewsPaper/venv/lib/python3.8/site-packages/django/template/base.py", line 1005, in <listcomp>
    return SafeString("".join([node.render_annotated(context) for node in self]))
  File "/Users/alekseishatalov/PycharmProjects/MyNewsPaper/venv/lib/python3.8/site-packages/django/template/base.py", line 966, in render_annotated
    return self.render(context)
  File "/Users/alekseishatalov/PycharmProjects/MyNewsPaper/venv/lib/python3.8/site-packages/django/template/defaulttags.py", line 471, in render
    url = reverse(view_name, args=args, kwargs=kwargs, current_app=current_app)
  File "/Users/alekseishatalov/PycharmProjects/MyNewsPaper/venv/lib/python3.8/site-packages/django/urls/base.py", line 88, in reverse
    return resolver._reverse_with_prefix(view, prefix, *args, **kwargs)
  File "/Users/alekseishatalov/PycharmProjects/MyNewsPaper/venv/lib/python3.8/site-packages/django/urls/resolvers.py", line 828, in _reverse_with_prefix
    raise NoReverseMatch(msg)
django.urls.exceptions.NoReverseMatch: Reverse for '/sign/' not found. '/sign/' is not a valid view function or pattern name.
2025-02-01 14:26:46,890 [ERROR] /Users/alekseishatalov/PycharmProjects/MyNewsPaper/venv/lib/python3.8/site-packages/django/core/servers/basehttp.py: "GET /news/ HTTP/1.1" 500 164652
2025-02-01 14:26:59,711 [ERROR] /Users/alekseishatalov/PycharmProjects/MyNewsPaper/venv/lib/python3.8/site-packages/django/utils/log.py: Internal Server Error: /news/
Traceback (most recent call last):
  File "/Users/alekseishatalov/PycharmProjects/MyNewsPaper/venv/lib/python3.8/site-packages/django/core/handlers/exception.py", line 55, in inner
    response = get_response(request)
  File "/Users/alekseishatalov/PycharmProjects/MyNewsPaper/venv/lib/python3.8/site-packages/django/core/handlers/base.py", line 220, in _get_response
    response = response.render()
  File "/Users/alekseishatalov/PycharmProjects/MyNewsPaper/venv/lib/python3.8/site-packages/django/template/response.py", line 114, in render
    self.content = self.rendered_content
  File "/Users/alekseishatalov/PycharmProjects/MyNewsPaper/venv/lib/python3.8/site-packages/django/template/response.py", line 92, in rendered_content
    return template.render(context, self._request)
  File "/Users/alekseishatalov/PycharmProjects/MyNewsPaper/venv/lib/python3.8/site-packages/django/template/backends/django.py", line 61, in render
    return self.template.render(context)
  File "/Users/alekseishatalov/PycharmProjects/MyNewsPaper/venv/lib/python3.8/site-packages/django/template/base.py", line 175, in render
    return self._render(context)
  File "/Users/alekseishatalov/PycharmProjects/MyNewsPaper/venv/lib/python3.8/site-packages/django/template/base.py", line 167, in _render
    return self.nodelist.render(context)
  File "/Users/alekseishatalov/PycharmProjects/MyNewsPaper/venv/lib/python3.8/site-packages/django/template/base.py", line 1005, in render
    return SafeString("".join([node.render_annotated(context) for node in self]))
  File "/Users/alekseishatalov/PycharmProjects/MyNewsPaper/venv/lib/python3.8/site-packages/django/template/base.py", line 1005, in <listcomp>
    return SafeString("".join([node.render_annotated(context) for node in self]))
  File "/Users/alekseishatalov/PycharmProjects/MyNewsPaper/venv/lib/python3.8/site-packages/django/template/base.py", line 966, in render_annotated
    return self.render(context)
  File "/Users/alekseishatalov/PycharmProjects/MyNewsPaper/venv/lib/python3.8/site-packages/django/template/loader_tags.py", line 157, in render
    return compiled_parent._render(context)
  File "/Users/alekseishatalov/PycharmProjects/MyNewsPaper/venv/lib/python3.8/site-packages/django/template/base.py", line 167, in _render
    return self.nodelist.render(context)
  File "/Users/alekseishatalov/PycharmProjects/MyNewsPaper/venv/lib/python3.8/site-packages/django/template/base.py", line 1005, in render
    return SafeString("".join([node.render_annotated(context) for node in self]))
  File "/Users/alekseishatalov/PycharmProjects/MyNewsPaper/venv/lib/python3.8/site-packages/django/template/base.py", line 1005, in <listcomp>
    return SafeString("".join([node.render_annotated(context) for node in self]))
  File "/Users/alekseishatalov/PycharmProjects/MyNewsPaper/venv/lib/python3.8/site-packages/django/template/base.py", line 966, in render_annotated
    return self.render(context)
  File "/Users/alekseishatalov/PycharmProjects/MyNewsPaper/venv/lib/python3.8/site-packages/django/template/defaulttags.py", line 471, in render
    url = reverse(view_name, args=args, kwargs=kwargs, current_app=current_app)
  File "/Users/alekseishatalov/PycharmProjects/MyNewsPaper/venv/lib/python3.8/site-packages/django/urls/base.py", line 88, in reverse
    return resolver._reverse_with_prefix(view, prefix, *args, **kwargs)
  File "/Users/alekseishatalov/PycharmProjects/MyNewsPaper/venv/lib/python3.8/site-packages/django/urls/resolvers.py", line 828, in _reverse_with_prefix
    raise NoReverseMatch(msg)
django.urls.exceptions.NoReverseMatch: Reverse for 'sign/' not found. 'sign/' is not a valid view function or pattern name.
2025-02-01 14:26:59,712 [ERROR] /Users/alekseishatalov/PycharmProjects/MyNewsPaper/venv/lib/python3.8/site-packages/django/core/servers/basehttp.py: "GET /news/ HTTP/1.1" 500 164627
2025-02-01 14:27:00,600 [ERROR] /Users/alekseishatalov/PycharmProjects/MyNewsPaper/venv/lib/python3.8/site-packages/django/utils/log.py: Internal Server Error: /news/
Traceback (most recent call last):
  File "/Users/alekseishatalov/PycharmProjects/MyNewsPaper/venv/lib/python3.8/site-packages/django/core/handlers/exception.py", line 55, in inner
    response = get_response(request)
  File "/Users/alekseishatalov/PycharmProjects/MyNewsPaper/venv/lib/python3.8/site-packages/django/core/handlers/base.py", line 220, in _get_response
    response = response.render()
  File "/Users/alekseishatalov/PycharmProjects/MyNewsPaper/venv/lib/python3.8/site-packages/django/template/response.py", line 114, in render
    self.content = self.rendered_content
  File "/Users/alekseishatalov/PycharmProjects/MyNewsPaper/venv/lib/python3.8/site-packages/django/template/response.py", line 92, in rendered_content
    return template.render(context, self._request)
  File "/Users/alekseishatalov/PycharmProjects/MyNewsPaper/venv/lib/python3.8/site-packages/django/template/backends/django.py", line 61, in render
    return self.template.render(context)
  File "/Users/alekseishatalov/PycharmProjects/MyNewsPaper/venv/lib/python3.8/site-packages/django/template/base.py", line 175, in render
    return self._render(context)
  File "/Users/alekseishatalov/PycharmProjects/MyNewsPaper/venv/lib/python3.8/site-packages/django/template/base.py", line 167, in _render
    return self.nodelist.render(context)
  File "/Users/alekseishatalov/PycharmProjects/MyNewsPaper/venv/lib/python3.8/site-packages/django/template/base.py", line 1005, in render
    return SafeString("".join([node.render_annotated(context) for node in self]))
  File "/Users/alekseishatalov/PycharmProjects/MyNewsPaper/venv/lib/python3.8/site-packages/django/template/base.py", line 1005, in <listcomp>
    return SafeString("".join([node.render_annotated(context) for node in self]))
  File "/Users/alekseishatalov/PycharmProjects/MyNewsPaper/venv/lib/python3.8/site-packages/django/template/base.py", line 966, in render_annotated
    return self.render(context)
  File "/Users/alekseishatalov/PycharmProjects/MyNewsPaper/venv/lib/python3.8/site-packages/django/template/loader_tags.py", line 157, in render
    return compiled_parent._render(context)
  File "/Users/alekseishatalov/PycharmProjects/MyNewsPaper/venv/lib/python3.8/site-packages/django/template/base.py", line 167, in _render
    return self.nodelist.render(context)
  File "/Users/alekseishatalov/PycharmProjects/MyNewsPaper/venv/lib/python3.8/site-packages/django/template/base.py", line 1005, in render
    return SafeString("".join([node.render_annotated(context) for node in self]))
  File "/Users/alekseishatalov/PycharmProjects/MyNewsPaper/venv/lib/python3.8/site-packages/django/template/base.py", line 1005, in <listcomp>
    return SafeString("".join([node.render_annotated(context) for node in self]))
  File "/Users/alekseishatalov/PycharmProjects/MyNewsPaper/venv/lib/python3.8/site-packages/django/template/base.py", line 966, in render_annotated
    return self.render(context)
  File "/Users/alekseishatalov/PycharmProjects/MyNewsPaper/venv/lib/python3.8/site-packages/django/template/defaulttags.py", line 471, in render
    url = reverse(view_name, args=args, kwargs=kwargs, current_app=current_app)
  File "/Users/alekseishatalov/PycharmProjects/MyNewsPaper/venv/lib/python3.8/site-packages/django/urls/base.py", line 88, in reverse
    return resolver._reverse_with_prefix(view, prefix, *args, **kwargs)
  File "/Users/alekseishatalov/PycharmProjects/MyNewsPaper/venv/lib/python3.8/site-packages/django/urls/resolvers.py", line 828, in _reverse_with_prefix
    raise NoReverseMatch(msg)
django.urls.exceptions.NoReverseMatch: Reverse for 'sign/' not found. 'sign/' is not a valid view function or pattern name.
2025-02-01 14:27:00,600 [ERROR] /Users/alekseishatalov/PycharmProjects/MyNewsPaper/venv/lib/python3.8/site-packages/django/core/servers/basehttp.py: "GET /news/ HTTP/1.1" 500 164627
2025-02-01 14:29:52,169 [ERROR] /Users/alekseishatalov/PycharmProjects/MyNewsPaper/venv/lib/python3.8/site-packages/django/utils/log.py: Internal Server Error: /news/
Traceback (most recent call last):
  File "/Users/alekseishatalov/PycharmProjects/MyNewsPaper/venv/lib/python3.8/site-packages/django/urls/base.py", line 71, in reverse
    extra, resolver = resolver.namespace_dict[ns]
KeyError: 'protect'

During handling of the above exception, another exception occurred:

Traceback (most recent call last):
  File "/Users/alekseishatalov/PycharmProjects/MyNewsPaper/venv/lib/python3.8/site-packages/django/core/handlers/exception.py", line 55, in inner
    response = get_response(request)
  File "/Users/alekseishatalov/PycharmProjects/MyNewsPaper/venv/lib/python3.8/site-packages/django/core/handlers/base.py", line 220, in _get_response
    response = response.render()
  File "/Users/alekseishatalov/PycharmProjects/MyNewsPaper/venv/lib/python3.8/site-packages/django/template/response.py", line 114, in render
    self.content = self.rendered_content
  File "/Users/alekseishatalov/PycharmProjects/MyNewsPaper/venv/lib/python3.8/site-packages/django/template/response.py", line 92, in rendered_content
    return template.render(context, self._request)
  File "/Users/alekseishatalov/PycharmProjects/MyNewsPaper/venv/lib/python3.8/site-packages/django/template/backends/django.py", line 61, in render
    return self.template.render(context)
  File "/Users/alekseishatalov/PycharmProjects/MyNewsPaper/venv/lib/python3.8/site-packages/django/template/base.py", line 175, in render
    return self._render(context)
  File "/Users/alekseishatalov/PycharmProjects/MyNewsPaper/venv/lib/python3.8/site-packages/django/template/base.py", line 167, in _render
    return self.nodelist.render(context)
  File "/Users/alekseishatalov/PycharmProjects/MyNewsPaper/venv/lib/python3.8/site-packages/django/template/base.py", line 1005, in render
    return SafeString("".join([node.render_annotated(context) for node in self]))
  File "/Users/alekseishatalov/PycharmProjects/MyNewsPaper/venv/lib/python3.8/site-packages/django/template/base.py", line 1005, in <listcomp>
    return SafeString("".join([node.render_annotated(context) for node in self]))
  File "/Users/alekseishatalov/PycharmProjects/MyNewsPaper/venv/lib/python3.8/site-packages/django/template/base.py", line 966, in render_annotated
    return self.render(context)
  File "/Users/alekseishatalov/PycharmProjects/MyNewsPaper/venv/lib/python3.8/site-packages/django/template/loader_tags.py", line 157, in render
    return compiled_parent._render(context)
  File "/Users/alekseishatalov/PycharmProjects/MyNewsPaper/venv/lib/python3.8/site-packages/django/template/base.py", line 167, in _render
    return self.nodelist.render(context)
  File "/Users/alekseishatalov/PycharmProjects/MyNewsPaper/venv/lib/python3.8/site-packages/django/template/base.py", line 1005, in render
    return SafeString("".join([node.render_annotated(context) for node in self]))
  File "/Users/alekseishatalov/PycharmProjects/MyNewsPaper/venv/lib/python3.8/site-packages/django/template/base.py", line 1005, in <listcomp>
    return SafeString("".join([node.render_annotated(context) for node in self]))
  File "/Users/alekseishatalov/PycharmProjects/MyNewsPaper/venv/lib/python3.8/site-packages/django/template/base.py", line 966, in render_annotated
    return self.render(context)
  File "/Users/alekseishatalov/PycharmProjects/MyNewsPaper/venv/lib/python3.8/site-packages/django/template/defaulttags.py", line 471, in render
    url = reverse(view_name, args=args, kwargs=kwargs, current_app=current_app)
  File "/Users/alekseishatalov/PycharmProjects/MyNewsPaper/venv/lib/python3.8/site-packages/django/urls/base.py", line 82, in reverse
    raise NoReverseMatch("%s is not a registered namespace" % key)
django.urls.exceptions.NoReverseMatch: 'protect' is not a registered namespace
2025-02-01 14:29:52,170 [ERROR] /Users/alekseishatalov/PycharmProjects/MyNewsPaper/venv/lib/python3.8/site-packages/django/core/servers/basehttp.py: "GET /news/ HTTP/1.1" 500 166754
2025-02-01 14:29:53,235 [ERROR] /Users/alekseishatalov/PycharmProjects/MyNewsPaper/venv/lib/python3.8/site-packages/django/utils/log.py: Internal Server Error: /news/
Traceback (most recent call last):
  File "/Users/alekseishatalov/PycharmProjects/MyNewsPaper/venv/lib/python3.8/site-packages/django/urls/base.py", line 71, in reverse
    extra, resolver = resolver.namespace_dict[ns]
KeyError: 'protect'

During handling of the above exception, another exception occurred:

Traceback (most recent call last):
  File "/Users/alekseishatalov/PycharmProjects/MyNewsPaper/venv/lib/python3.8/site-packages/django/core/handlers/exception.py", line 55, in inner
    response = get_response(request)
  File "/Users/alekseishatalov/PycharmProjects/MyNewsPaper/venv/lib/python3.8/site-packages/django/core/handlers/base.py", line 220, in _get_response
    response = response.render()
  File "/Users/alekseishatalov/PycharmProjects/MyNewsPaper/venv/lib/python3.8/site-packages/django/template/response.py", line 114, in render
    self.content = self.rendered_content
  File "/Users/alekseishatalov/PycharmProjects/MyNewsPaper/venv/lib/python3.8/site-packages/django/template/response.py", line 92, in rendered_content
    return template.render(context, self._request)
  File "/Users/alekseishatalov/PycharmProjects/MyNewsPaper/venv/lib/python3.8/site-packages/django/template/backends/django.py", line 61, in render
    return self.template.render(context)
  File "/Users/alekseishatalov/PycharmProjects/MyNewsPaper/venv/lib/python3.8/site-packages/django/template/base.py", line 175, in render
    return self._render(context)
  File "/Users/alekseishatalov/PycharmProjects/MyNewsPaper/venv/lib/python3.8/site-packages/django/template/base.py", line 167, in _render
    return self.nodelist.render(context)
  File "/Users/alekseishatalov/PycharmProjects/MyNewsPaper/venv/lib/python3.8/site-packages/django/template/base.py", line 1005, in render
    return SafeString("".join([node.render_annotated(context) for node in self]))
  File "/Users/alekseishatalov/PycharmProjects/MyNewsPaper/venv/lib/python3.8/site-packages/django/template/base.py", line 1005, in <listcomp>
    return SafeString("".join([node.render_annotated(context) for node in self]))
  File "/Users/alekseishatalov/PycharmProjects/MyNewsPaper/venv/lib/python3.8/site-packages/django/template/base.py", line 966, in render_annotated
    return self.render(context)
  File "/Users/alekseishatalov/PycharmProjects/MyNewsPaper/venv/lib/python3.8/site-packages/django/template/loader_tags.py", line 157, in render
    return compiled_parent._render(context)
  File "/Users/alekseishatalov/PycharmProjects/MyNewsPaper/venv/lib/python3.8/site-packages/django/template/base.py", line 167, in _render
    return self.nodelist.render(context)
  File "/Users/alekseishatalov/PycharmProjects/MyNewsPaper/venv/lib/python3.8/site-packages/django/template/base.py", line 1005, in render
    return SafeString("".join([node.render_annotated(context) for node in self]))
  File "/Users/alekseishatalov/PycharmProjects/MyNewsPaper/venv/lib/python3.8/site-packages/django/template/base.py", line 1005, in <listcomp>
    return SafeString("".join([node.render_annotated(context) for node in self]))
  File "/Users/alekseishatalov/PycharmProjects/MyNewsPaper/venv/lib/python3.8/site-packages/django/template/base.py", line 966, in render_annotated
    return self.render(context)
  File "/Users/alekseishatalov/PycharmProjects/MyNewsPaper/venv/lib/python3.8/site-packages/django/template/defaulttags.py", line 471, in render
    url = reverse(view_name, args=args, kwargs=kwargs, current_app=current_app)
  File "/Users/alekseishatalov/PycharmProjects/MyNewsPaper/venv/lib/python3.8/site-packages/django/urls/base.py", line 82, in reverse
    raise NoReverseMatch("%s is not a registered namespace" % key)
django.urls.exceptions.NoReverseMatch: 'protect' is not a registered namespace
2025-02-01 14:29:53,236 [ERROR] /Users/alekseishatalov/PycharmProjects/MyNewsPaper/venv/lib/python3.8/site-packages/django/core/servers/basehttp.py: "GET /news/ HTTP/1.1" 500 166754
2025-02-01 14:29:53,808 [ERROR] /Users/alekseishatalov/PycharmProjects/MyNewsPaper/venv/lib/python3.8/site-packages/django/utils/log.py: Internal Server Error: /news/
Traceback (most recent call last):
  File "/Users/alekseishatalov/PycharmProjects/MyNewsPaper/venv/lib/python3.8/site-packages/django/urls/base.py", line 71, in reverse
    extra, resolver = resolver.namespace_dict[ns]
KeyError: 'protect'

During handling of the above exception, another exception occurred:

Traceback (most recent call last):
  File "/Users/alekseishatalov/PycharmProjects/MyNewsPaper/venv/lib/python3.8/site-packages/django/core/handlers/exception.py", line 55, in inner
    response = get_response(request)
  File "/Users/alekseishatalov/PycharmProjects/MyNewsPaper/venv/lib/python3.8/site-packages/django/core/handlers/base.py", line 220, in _get_response
    response = response.render()
  File "/Users/alekseishatalov/PycharmProjects/MyNewsPaper/venv/lib/python3.8/site-packages/django/template/response.py", line 114, in render
    self.content = self.rendered_content
  File "/Users/alekseishatalov/PycharmProjects/MyNewsPaper/venv/lib/python3.8/site-packages/django/template/response.py", line 92, in rendered_content
    return template.render(context, self._request)
  File "/Users/alekseishatalov/PycharmProjects/MyNewsPaper/venv/lib/python3.8/site-packages/django/template/backends/django.py", line 61, in render
    return self.template.render(context)
  File "/Users/alekseishatalov/PycharmProjects/MyNewsPaper/venv/lib/python3.8/site-packages/django/template/base.py", line 175, in render
    return self._render(context)
  File "/Users/alekseishatalov/PycharmProjects/MyNewsPaper/venv/lib/python3.8/site-packages/django/template/base.py", line 167, in _render
    return self.nodelist.render(context)
  File "/Users/alekseishatalov/PycharmProjects/MyNewsPaper/venv/lib/python3.8/site-packages/django/template/base.py", line 1005, in render
    return SafeString("".join([node.render_annotated(context) for node in self]))
  File "/Users/alekseishatalov/PycharmProjects/MyNewsPaper/venv/lib/python3.8/site-packages/django/template/base.py", line 1005, in <listcomp>
    return SafeString("".join([node.render_annotated(context) for node in self]))
  File "/Users/alekseishatalov/PycharmProjects/MyNewsPaper/venv/lib/python3.8/site-packages/django/template/base.py", line 966, in render_annotated
    return self.render(context)
  File "/Users/alekseishatalov/PycharmProjects/MyNewsPaper/venv/lib/python3.8/site-packages/django/template/loader_tags.py", line 157, in render
    return compiled_parent._render(context)
  File "/Users/alekseishatalov/PycharmProjects/MyNewsPaper/venv/lib/python3.8/site-packages/django/template/base.py", line 167, in _render
    return self.nodelist.render(context)
  File "/Users/alekseishatalov/PycharmProjects/MyNewsPaper/venv/lib/python3.8/site-packages/django/template/base.py", line 1005, in render
    return SafeString("".join([node.render_annotated(context) for node in self]))
  File "/Users/alekseishatalov/PycharmProjects/MyNewsPaper/venv/lib/python3.8/site-packages/django/template/base.py", line 1005, in <listcomp>
    return SafeString("".join([node.render_annotated(context) for node in self]))
  File "/Users/alekseishatalov/PycharmProjects/MyNewsPaper/venv/lib/python3.8/site-packages/django/template/base.py", line 966, in render_annotated
    return self.render(context)
  File "/Users/alekseishatalov/PycharmProjects/MyNewsPaper/venv/lib/python3.8/site-packages/django/template/defaulttags.py", line 471, in render
    url = reverse(view_name, args=args, kwargs=kwargs, current_app=current_app)
  File "/Users/alekseishatalov/PycharmProjects/MyNewsPaper/venv/lib/python3.8/site-packages/django/urls/base.py", line 82, in reverse
    raise NoReverseMatch("%s is not a registered namespace" % key)
django.urls.exceptions.NoReverseMatch: 'protect' is not a registered namespace
2025-02-01 14:29:53,808 [ERROR] /Users/alekseishatalov/PycharmProjects/MyNewsPaper/venv/lib/python3.8/site-packages/django/core/servers/basehttp.py: "GET /news/ HTTP/1.1" 500 166754
2025-02-01 14:29:54,307 [ERROR] /Users/alekseishatalov/PycharmProjects/MyNewsPaper/venv/lib/python3.8/site-packages/django/utils/log.py: Internal Server Error: /news/
Traceback (most recent call last):
  File "/Users/alekseishatalov/PycharmProjects/MyNewsPaper/venv/lib/python3.8/site-packages/django/urls/base.py", line 71, in reverse
    extra, resolver = resolver.namespace_dict[ns]
KeyError: 'protect'

During handling of the above exception, another exception occurred:

Traceback (most recent call last):
  File "/Users/alekseishatalov/PycharmProjects/MyNewsPaper/venv/lib/python3.8/site-packages/django/core/handlers/exception.py", line 55, in inner
    response = get_response(request)
  File "/Users/alekseishatalov/PycharmProjects/MyNewsPaper/venv/lib/python3.8/site-packages/django/core/handlers/base.py", line 220, in _get_response
    response = response.render()
  File "/Users/alekseishatalov/PycharmProjects/MyNewsPaper/venv/lib/python3.8/site-packages/django/template/response.py", line 114, in render
    self.content = self.rendered_content
  File "/Users/alekseishatalov/PycharmProjects/MyNewsPaper/venv/lib/python3.8/site-packages/django/template/response.py", line 92, in rendered_content
    return template.render(context, self._request)
  File "/Users/alekseishatalov/PycharmProjects/MyNewsPaper/venv/lib/python3.8/site-packages/django/template/backends/django.py", line 61, in render
    return self.template.render(context)
  File "/Users/alekseishatalov/PycharmProjects/MyNewsPaper/venv/lib/python3.8/site-packages/django/template/base.py", line 175, in render
    return self._render(context)
  File "/Users/alekseishatalov/PycharmProjects/MyNewsPaper/venv/lib/python3.8/site-packages/django/template/base.py", line 167, in _render
    return self.nodelist.render(context)
  File "/Users/alekseishatalov/PycharmProjects/MyNewsPaper/venv/lib/python3.8/site-packages/django/template/base.py", line 1005, in render
    return SafeString("".join([node.render_annotated(context) for node in self]))
  File "/Users/alekseishatalov/PycharmProjects/MyNewsPaper/venv/lib/python3.8/site-packages/django/template/base.py", line 1005, in <listcomp>
    return SafeString("".join([node.render_annotated(context) for node in self]))
  File "/Users/alekseishatalov/PycharmProjects/MyNewsPaper/venv/lib/python3.8/site-packages/django/template/base.py", line 966, in render_annotated
    return self.render(context)
  File "/Users/alekseishatalov/PycharmProjects/MyNewsPaper/venv/lib/python3.8/site-packages/django/template/loader_tags.py", line 157, in render
    return compiled_parent._render(context)
  File "/Users/alekseishatalov/PycharmProjects/MyNewsPaper/venv/lib/python3.8/site-packages/django/template/base.py", line 167, in _render
    return self.nodelist.render(context)
  File "/Users/alekseishatalov/PycharmProjects/MyNewsPaper/venv/lib/python3.8/site-packages/django/template/base.py", line 1005, in render
    return SafeString("".join([node.render_annotated(context) for node in self]))
  File "/Users/alekseishatalov/PycharmProjects/MyNewsPaper/venv/lib/python3.8/site-packages/django/template/base.py", line 1005, in <listcomp>
    return SafeString("".join([node.render_annotated(context) for node in self]))
  File "/Users/alekseishatalov/PycharmProjects/MyNewsPaper/venv/lib/python3.8/site-packages/django/template/base.py", line 966, in render_annotated
    return self.render(context)
  File "/Users/alekseishatalov/PycharmProjects/MyNewsPaper/venv/lib/python3.8/site-packages/django/template/defaulttags.py", line 471, in render
    url = reverse(view_name, args=args, kwargs=kwargs, current_app=current_app)
  File "/Users/alekseishatalov/PycharmProjects/MyNewsPaper/venv/lib/python3.8/site-packages/django/urls/base.py", line 82, in reverse
    raise NoReverseMatch("%s is not a registered namespace" % key)
django.urls.exceptions.NoReverseMatch: 'protect' is not a registered namespace
2025-02-01 14:29:54,308 [ERROR] /Users/alekseishatalov/PycharmProjects/MyNewsPaper/venv/lib/python3.8/site-packages/django/core/servers/basehttp.py: "GET /news/ HTTP/1.1" 500 166754
2025-02-01 14:29:54,777 [ERROR] /Users/alekseishatalov/PycharmProjects/MyNewsPaper/venv/lib/python3.8/site-packages/django/utils/log.py: Internal Server Error: /news/
Traceback (most recent call last):
  File "/Users/alekseishatalov/PycharmProjects/MyNewsPaper/venv/lib/python3.8/site-packages/django/urls/base.py", line 71, in reverse
    extra, resolver = resolver.namespace_dict[ns]
KeyError: 'protect'

During handling of the above exception, another exception occurred:

Traceback (most recent call last):
  File "/Users/alekseishatalov/PycharmProjects/MyNewsPaper/venv/lib/python3.8/site-packages/django/core/handlers/exception.py", line 55, in inner
    response = get_response(request)
  File "/Users/alekseishatalov/PycharmProjects/MyNewsPaper/venv/lib/python3.8/site-packages/django/core/handlers/base.py", line 220, in _get_response
    response = response.render()
  File "/Users/alekseishatalov/PycharmProjects/MyNewsPaper/venv/lib/python3.8/site-packages/django/template/response.py", line 114, in render
    self.content = self.rendered_content
  File "/Users/alekseishatalov/PycharmProjects/MyNewsPaper/venv/lib/python3.8/site-packages/django/template/response.py", line 92, in rendered_content
    return template.render(context, self._request)
  File "/Users/alekseishatalov/PycharmProjects/MyNewsPaper/venv/lib/python3.8/site-packages/django/template/backends/django.py", line 61, in render
    return self.template.render(context)
  File "/Users/alekseishatalov/PycharmProjects/MyNewsPaper/venv/lib/python3.8/site-packages/django/template/base.py", line 175, in render
    return self._render(context)
  File "/Users/alekseishatalov/PycharmProjects/MyNewsPaper/venv/lib/python3.8/site-packages/django/template/base.py", line 167, in _render
    return self.nodelist.render(context)
  File "/Users/alekseishatalov/PycharmProjects/MyNewsPaper/venv/lib/python3.8/site-packages/django/template/base.py", line 1005, in render
    return SafeString("".join([node.render_annotated(context) for node in self]))
  File "/Users/alekseishatalov/PycharmProjects/MyNewsPaper/venv/lib/python3.8/site-packages/django/template/base.py", line 1005, in <listcomp>
    return SafeString("".join([node.render_annotated(context) for node in self]))
  File "/Users/alekseishatalov/PycharmProjects/MyNewsPaper/venv/lib/python3.8/site-packages/django/template/base.py", line 966, in render_annotated
    return self.render(context)
  File "/Users/alekseishatalov/PycharmProjects/MyNewsPaper/venv/lib/python3.8/site-packages/django/template/loader_tags.py", line 157, in render
    return compiled_parent._render(context)
  File "/Users/alekseishatalov/PycharmProjects/MyNewsPaper/venv/lib/python3.8/site-packages/django/template/base.py", line 167, in _render
    return self.nodelist.render(context)
  File "/Users/alekseishatalov/PycharmProjects/MyNewsPaper/venv/lib/python3.8/site-packages/django/template/base.py", line 1005, in render
    return SafeString("".join([node.render_annotated(context) for node in self]))
  File "/Users/alekseishatalov/PycharmProjects/MyNewsPaper/venv/lib/python3.8/site-packages/django/template/base.py", line 1005, in <listcomp>
    return SafeString("".join([node.render_annotated(context) for node in self]))
  File "/Users/alekseishatalov/PycharmProjects/MyNewsPaper/venv/lib/python3.8/site-packages/django/template/base.py", line 966, in render_annotated
    return self.render(context)
  File "/Users/alekseishatalov/PycharmProjects/MyNewsPaper/venv/lib/python3.8/site-packages/django/template/defaulttags.py", line 471, in render
    url = reverse(view_name, args=args, kwargs=kwargs, current_app=current_app)
  File "/Users/alekseishatalov/PycharmProjects/MyNewsPaper/venv/lib/python3.8/site-packages/django/urls/base.py", line 82, in reverse
    raise NoReverseMatch("%s is not a registered namespace" % key)
django.urls.exceptions.NoReverseMatch: 'protect' is not a registered namespace
2025-02-01 14:29:54,778 [ERROR] /Users/alekseishatalov/PycharmProjects/MyNewsPaper/venv/lib/python3.8/site-packages/django/core/servers/basehttp.py: "GET /news/ HTTP/1.1" 500 166754
2025-02-01 14:29:55,647 [ERROR] /Users/alekseishatalov/PycharmProjects/MyNewsPaper/venv/lib/python3.8/site-packages/django/utils/log.py: Internal Server Error: /news/
Traceback (most recent call last):
  File "/Users/alekseishatalov/PycharmProjects/MyNewsPaper/venv/lib/python3.8/site-packages/django/urls/base.py", line 71, in reverse
    extra, resolver = resolver.namespace_dict[ns]
KeyError: 'protect'

During handling of the above exception, another exception occurred:

Traceback (most recent call last):
  File "/Users/alekseishatalov/PycharmProjects/MyNewsPaper/venv/lib/python3.8/site-packages/django/core/handlers/exception.py", line 55, in inner
    response = get_response(request)
  File "/Users/alekseishatalov/PycharmProjects/MyNewsPaper/venv/lib/python3.8/site-packages/django/core/handlers/base.py", line 220, in _get_response
    response = response.render()
  File "/Users/alekseishatalov/PycharmProjects/MyNewsPaper/venv/lib/python3.8/site-packages/django/template/response.py", line 114, in render
    self.content = self.rendered_content
  File "/Users/alekseishatalov/PycharmProjects/MyNewsPaper/venv/lib/python3.8/site-packages/django/template/response.py", line 92, in rendered_content
    return template.render(context, self._request)
  File "/Users/alekseishatalov/PycharmProjects/MyNewsPaper/venv/lib/python3.8/site-packages/django/template/backends/django.py", line 61, in render
    return self.template.render(context)
  File "/Users/alekseishatalov/PycharmProjects/MyNewsPaper/venv/lib/python3.8/site-packages/django/template/base.py", line 175, in render
    return self._render(context)
  File "/Users/alekseishatalov/PycharmProjects/MyNewsPaper/venv/lib/python3.8/site-packages/django/template/base.py", line 167, in _render
    return self.nodelist.render(context)
  File "/Users/alekseishatalov/PycharmProjects/MyNewsPaper/venv/lib/python3.8/site-packages/django/template/base.py", line 1005, in render
    return SafeString("".join([node.render_annotated(context) for node in self]))
  File "/Users/alekseishatalov/PycharmProjects/MyNewsPaper/venv/lib/python3.8/site-packages/django/template/base.py", line 1005, in <listcomp>
    return SafeString("".join([node.render_annotated(context) for node in self]))
  File "/Users/alekseishatalov/PycharmProjects/MyNewsPaper/venv/lib/python3.8/site-packages/django/template/base.py", line 966, in render_annotated
    return self.render(context)
  File "/Users/alekseishatalov/PycharmProjects/MyNewsPaper/venv/lib/python3.8/site-packages/django/template/loader_tags.py", line 157, in render
    return compiled_parent._render(context)
  File "/Users/alekseishatalov/PycharmProjects/MyNewsPaper/venv/lib/python3.8/site-packages/django/template/base.py", line 167, in _render
    return self.nodelist.render(context)
  File "/Users/alekseishatalov/PycharmProjects/MyNewsPaper/venv/lib/python3.8/site-packages/django/template/base.py", line 1005, in render
    return SafeString("".join([node.render_annotated(context) for node in self]))
  File "/Users/alekseishatalov/PycharmProjects/MyNewsPaper/venv/lib/python3.8/site-packages/django/template/base.py", line 1005, in <listcomp>
    return SafeString("".join([node.render_annotated(context) for node in self]))
  File "/Users/alekseishatalov/PycharmProjects/MyNewsPaper/venv/lib/python3.8/site-packages/django/template/base.py", line 966, in render_annotated
    return self.render(context)
  File "/Users/alekseishatalov/PycharmProjects/MyNewsPaper/venv/lib/python3.8/site-packages/django/template/defaulttags.py", line 471, in render
    url = reverse(view_name, args=args, kwargs=kwargs, current_app=current_app)
  File "/Users/alekseishatalov/PycharmProjects/MyNewsPaper/venv/lib/python3.8/site-packages/django/urls/base.py", line 82, in reverse
    raise NoReverseMatch("%s is not a registered namespace" % key)
django.urls.exceptions.NoReverseMatch: 'protect' is not a registered namespace
2025-02-01 14:29:55,648 [ERROR] /Users/alekseishatalov/PycharmProjects/MyNewsPaper/venv/lib/python3.8/site-packages/django/core/servers/basehttp.py: "GET /news/ HTTP/1.1" 500 166754
2025-02-01 14:29:56,472 [ERROR] /Users/alekseishatalov/PycharmProjects/MyNewsPaper/venv/lib/python3.8/site-packages/django/utils/log.py: Internal Server Error: /news/
Traceback (most recent call last):
  File "/Users/alekseishatalov/PycharmProjects/MyNewsPaper/venv/lib/python3.8/site-packages/django/urls/base.py", line 71, in reverse
    extra, resolver = resolver.namespace_dict[ns]
KeyError: 'protect'

During handling of the above exception, another exception occurred:

Traceback (most recent call last):
  File "/Users/alekseishatalov/PycharmProjects/MyNewsPaper/venv/lib/python3.8/site-packages/django/core/handlers/exception.py", line 55, in inner
    response = get_response(request)
  File "/Users/alekseishatalov/PycharmProjects/MyNewsPaper/venv/lib/python3.8/site-packages/django/core/handlers/base.py", line 220, in _get_response
    response = response.render()
  File "/Users/alekseishatalov/PycharmProjects/MyNewsPaper/venv/lib/python3.8/site-packages/django/template/response.py", line 114, in render
    self.content = self.rendered_content
  File "/Users/alekseishatalov/PycharmProjects/MyNewsPaper/venv/lib/python3.8/site-packages/django/template/response.py", line 92, in rendered_content
    return template.render(context, self._request)
  File "/Users/alekseishatalov/PycharmProjects/MyNewsPaper/venv/lib/python3.8/site-packages/django/template/backends/django.py", line 61, in render
    return self.template.render(context)
  File "/Users/alekseishatalov/PycharmProjects/MyNewsPaper/venv/lib/python3.8/site-packages/django/template/base.py", line 175, in render
    return self._render(context)
  File "/Users/alekseishatalov/PycharmProjects/MyNewsPaper/venv/lib/python3.8/site-packages/django/template/base.py", line 167, in _render
    return self.nodelist.render(context)
  File "/Users/alekseishatalov/PycharmProjects/MyNewsPaper/venv/lib/python3.8/site-packages/django/template/base.py", line 1005, in render
    return SafeString("".join([node.render_annotated(context) for node in self]))
  File "/Users/alekseishatalov/PycharmProjects/MyNewsPaper/venv/lib/python3.8/site-packages/django/template/base.py", line 1005, in <listcomp>
    return SafeString("".join([node.render_annotated(context) for node in self]))
  File "/Users/alekseishatalov/PycharmProjects/MyNewsPaper/venv/lib/python3.8/site-packages/django/template/base.py", line 966, in render_annotated
    return self.render(context)
  File "/Users/alekseishatalov/PycharmProjects/MyNewsPaper/venv/lib/python3.8/site-packages/django/template/loader_tags.py", line 157, in render
    return compiled_parent._render(context)
  File "/Users/alekseishatalov/PycharmProjects/MyNewsPaper/venv/lib/python3.8/site-packages/django/template/base.py", line 167, in _render
    return self.nodelist.render(context)
  File "/Users/alekseishatalov/PycharmProjects/MyNewsPaper/venv/lib/python3.8/site-packages/django/template/base.py", line 1005, in render
    return SafeString("".join([node.render_annotated(context) for node in self]))
  File "/Users/alekseishatalov/PycharmProjects/MyNewsPaper/venv/lib/python3.8/site-packages/django/template/base.py", line 1005, in <listcomp>
    return SafeString("".join([node.render_annotated(context) for node in self]))
  File "/Users/alekseishatalov/PycharmProjects/MyNewsPaper/venv/lib/python3.8/site-packages/django/template/base.py", line 966, in render_annotated
    return self.render(context)
  File "/Users/alekseishatalov/PycharmProjects/MyNewsPaper/venv/lib/python3.8/site-packages/django/template/defaulttags.py", line 471, in render
    url = reverse(view_name, args=args, kwargs=kwargs, current_app=current_app)
  File "/Users/alekseishatalov/PycharmProjects/MyNewsPaper/venv/lib/python3.8/site-packages/django/urls/base.py", line 82, in reverse
    raise NoReverseMatch("%s is not a registered namespace" % key)
django.urls.exceptions.NoReverseMatch: 'protect' is not a registered namespace
2025-02-01 14:29:56,472 [ERROR] /Users/alekseishatalov/PycharmProjects/MyNewsPaper/venv/lib/python3.8/site-packages/django/core/servers/basehttp.py: "GET /news/ HTTP/1.1" 500 166754
2025-02-01 14:29:57,092 [ERROR] /Users/alekseishatalov/PycharmProjects/MyNewsPaper/venv/lib/python3.8/site-packages/django/utils/log.py: Internal Server Error: /news/
Traceback (most recent call last):
  File "/Users/alekseishatalov/PycharmProjects/MyNewsPaper/venv/lib/python3.8/site-packages/django/urls/base.py", line 71, in reverse
    extra, resolver = resolver.namespace_dict[ns]
KeyError: 'protect'

During handling of the above exception, another exception occurred:

Traceback (most recent call last):
  File "/Users/alekseishatalov/PycharmProjects/MyNewsPaper/venv/lib/python3.8/site-packages/django/core/handlers/exception.py", line 55, in inner
    response = get_response(request)
  File "/Users/alekseishatalov/PycharmProjects/MyNewsPaper/venv/lib/python3.8/site-packages/django/core/handlers/base.py", line 220, in _get_response
    response = response.render()
  File "/Users/alekseishatalov/PycharmProjects/MyNewsPaper/venv/lib/python3.8/site-packages/django/template/response.py", line 114, in render
    self.content = self.rendered_content
  File "/Users/alekseishatalov/PycharmProjects/MyNewsPaper/venv/lib/python3.8/site-packages/django/template/response.py", line 92, in rendered_content
    return template.render(context, self._request)
  File "/Users/alekseishatalov/PycharmProjects/MyNewsPaper/venv/lib/python3.8/site-packages/django/template/backends/django.py", line 61, in render
    return self.template.render(context)
  File "/Users/alekseishatalov/PycharmProjects/MyNewsPaper/venv/lib/python3.8/site-packages/django/template/base.py", line 175, in render
    return self._render(context)
  File "/Users/alekseishatalov/PycharmProjects/MyNewsPaper/venv/lib/python3.8/site-packages/django/template/base.py", line 167, in _render
    return self.nodelist.render(context)
  File "/Users/alekseishatalov/PycharmProjects/MyNewsPaper/venv/lib/python3.8/site-packages/django/template/base.py", line 1005, in render
    return SafeString("".join([node.render_annotated(context) for node in self]))
  File "/Users/alekseishatalov/PycharmProjects/MyNewsPaper/venv/lib/python3.8/site-packages/django/template/base.py", line 1005, in <listcomp>
    return SafeString("".join([node.render_annotated(context) for node in self]))
  File "/Users/alekseishatalov/PycharmProjects/MyNewsPaper/venv/lib/python3.8/site-packages/django/template/base.py", line 966, in render_annotated
    return self.render(context)
  File "/Users/alekseishatalov/PycharmProjects/MyNewsPaper/venv/lib/python3.8/site-packages/django/template/loader_tags.py", line 157, in render
    return compiled_parent._render(context)
  File "/Users/alekseishatalov/PycharmProjects/MyNewsPaper/venv/lib/python3.8/site-packages/django/template/base.py", line 167, in _render
    return self.nodelist.render(context)
  File "/Users/alekseishatalov/PycharmProjects/MyNewsPaper/venv/lib/python3.8/site-packages/django/template/base.py", line 1005, in render
    return SafeString("".join([node.render_annotated(context) for node in self]))
  File "/Users/alekseishatalov/PycharmProjects/MyNewsPaper/venv/lib/python3.8/site-packages/django/template/base.py", line 1005, in <listcomp>
    return SafeString("".join([node.render_annotated(context) for node in self]))
  File "/Users/alekseishatalov/PycharmProjects/MyNewsPaper/venv/lib/python3.8/site-packages/django/template/base.py", line 966, in render_annotated
    return self.render(context)
  File "/Users/alekseishatalov/PycharmProjects/MyNewsPaper/venv/lib/python3.8/site-packages/django/template/defaulttags.py", line 471, in render
    url = reverse(view_name, args=args, kwargs=kwargs, current_app=current_app)
  File "/Users/alekseishatalov/PycharmProjects/MyNewsPaper/venv/lib/python3.8/site-packages/django/urls/base.py", line 82, in reverse
    raise NoReverseMatch("%s is not a registered namespace" % key)
django.urls.exceptions.NoReverseMatch: 'protect' is not a registered namespace
2025-02-01 14:29:57,092 [ERROR] /Users/alekseishatalov/PycharmProjects/MyNewsPaper/venv/lib/python3.8/site-packages/django/core/servers/basehttp.py: "GET /news/ HTTP/1.1" 500 166754
2025-02-01 14:29:58,527 [ERROR] /Users/alekseishatalov/PycharmProjects/MyNewsPaper/venv/lib/python3.8/site-packages/django/utils/log.py: Internal Server Error: /news/
Traceback (most recent call last):
  File "/Users/alekseishatalov/PycharmProjects/MyNewsPaper/venv/lib/python3.8/site-packages/django/urls/base.py", line 71, in reverse
    extra, resolver = resolver.namespace_dict[ns]
KeyError: 'protect'

During handling of the above exception, another exception occurred:

Traceback (most recent call last):
  File "/Users/alekseishatalov/PycharmProjects/MyNewsPaper/venv/lib/python3.8/site-packages/django/core/handlers/exception.py", line 55, in inner
    response = get_response(request)
  File "/Users/alekseishatalov/PycharmProjects/MyNewsPaper/venv/lib/python3.8/site-packages/django/core/handlers/base.py", line 220, in _get_response
    response = response.render()
  File "/Users/alekseishatalov/PycharmProjects/MyNewsPaper/venv/lib/python3.8/site-packages/django/template/response.py", line 114, in render
    self.content = self.rendered_content
  File "/Users/alekseishatalov/PycharmProjects/MyNewsPaper/venv/lib/python3.8/site-packages/django/template/response.py", line 92, in rendered_content
    return template.render(context, self._request)
  File "/Users/alekseishatalov/PycharmProjects/MyNewsPaper/venv/lib/python3.8/site-packages/django/template/backends/django.py", line 61, in render
    return self.template.render(context)
  File "/Users/alekseishatalov/PycharmProjects/MyNewsPaper/venv/lib/python3.8/site-packages/django/template/base.py", line 175, in render
    return self._render(context)
  File "/Users/alekseishatalov/PycharmProjects/MyNewsPaper/venv/lib/python3.8/site-packages/django/template/base.py", line 167, in _render
    return self.nodelist.render(context)
  File "/Users/alekseishatalov/PycharmProjects/MyNewsPaper/venv/lib/python3.8/site-packages/django/template/base.py", line 1005, in render
    return SafeString("".join([node.render_annotated(context) for node in self]))
  File "/Users/alekseishatalov/PycharmProjects/MyNewsPaper/venv/lib/python3.8/site-packages/django/template/base.py", line 1005, in <listcomp>
    return SafeString("".join([node.render_annotated(context) for node in self]))
  File "/Users/alekseishatalov/PycharmProjects/MyNewsPaper/venv/lib/python3.8/site-packages/django/template/base.py", line 966, in render_annotated
    return self.render(context)
  File "/Users/alekseishatalov/PycharmProjects/MyNewsPaper/venv/lib/python3.8/site-packages/django/template/loader_tags.py", line 157, in render
    return compiled_parent._render(context)
  File "/Users/alekseishatalov/PycharmProjects/MyNewsPaper/venv/lib/python3.8/site-packages/django/template/base.py", line 167, in _render
    return self.nodelist.render(context)
  File "/Users/alekseishatalov/PycharmProjects/MyNewsPaper/venv/lib/python3.8/site-packages/django/template/base.py", line 1005, in render
    return SafeString("".join([node.render_annotated(context) for node in self]))
  File "/Users/alekseishatalov/PycharmProjects/MyNewsPaper/venv/lib/python3.8/site-packages/django/template/base.py", line 1005, in <listcomp>
    return SafeString("".join([node.render_annotated(context) for node in self]))
  File "/Users/alekseishatalov/PycharmProjects/MyNewsPaper/venv/lib/python3.8/site-packages/django/template/base.py", line 966, in render_annotated
    return self.render(context)
  File "/Users/alekseishatalov/PycharmProjects/MyNewsPaper/venv/lib/python3.8/site-packages/django/template/defaulttags.py", line 471, in render
    url = reverse(view_name, args=args, kwargs=kwargs, current_app=current_app)
  File "/Users/alekseishatalov/PycharmProjects/MyNewsPaper/venv/lib/python3.8/site-packages/django/urls/base.py", line 82, in reverse
    raise NoReverseMatch("%s is not a registered namespace" % key)
django.urls.exceptions.NoReverseMatch: 'protect' is not a registered namespace
2025-02-01 14:29:58,528 [ERROR] /Users/alekseishatalov/PycharmProjects/MyNewsPaper/venv/lib/python3.8/site-packages/django/core/servers/basehttp.py: "GET /news/ HTTP/1.1" 500 166754
2025-02-01 14:31:06,737 [ERROR] /Users/alekseishatalov/PycharmProjects/MyNewsPaper/venv/lib/python3.8/site-packages/django/utils/log.py: Internal Server Error: /news/
Traceback (most recent call last):
  File "/Users/alekseishatalov/PycharmProjects/MyNewsPaper/venv/lib/python3.8/site-packages/django/urls/base.py", line 71, in reverse
    extra, resolver = resolver.namespace_dict[ns]
KeyError: 'protect'

During handling of the above exception, another exception occurred:

Traceback (most recent call last):
  File "/Users/alekseishatalov/PycharmProjects/MyNewsPaper/venv/lib/python3.8/site-packages/django/core/handlers/exception.py", line 55, in inner
    response = get_response(request)
  File "/Users/alekseishatalov/PycharmProjects/MyNewsPaper/venv/lib/python3.8/site-packages/django/core/handlers/base.py", line 220, in _get_response
    response = response.render()
  File "/Users/alekseishatalov/PycharmProjects/MyNewsPaper/venv/lib/python3.8/site-packages/django/template/response.py", line 114, in render
    self.content = self.rendered_content
  File "/Users/alekseishatalov/PycharmProjects/MyNewsPaper/venv/lib/python3.8/site-packages/django/template/response.py", line 92, in rendered_content
    return template.render(context, self._request)
  File "/Users/alekseishatalov/PycharmProjects/MyNewsPaper/venv/lib/python3.8/site-packages/django/template/backends/django.py", line 61, in render
    return self.template.render(context)
  File "/Users/alekseishatalov/PycharmProjects/MyNewsPaper/venv/lib/python3.8/site-packages/django/template/base.py", line 175, in render
    return self._render(context)
  File "/Users/alekseishatalov/PycharmProjects/MyNewsPaper/venv/lib/python3.8/site-packages/django/template/base.py", line 167, in _render
    return self.nodelist.render(context)
  File "/Users/alekseishatalov/PycharmProjects/MyNewsPaper/venv/lib/python3.8/site-packages/django/template/base.py", line 1005, in render
    return SafeString("".join([node.render_annotated(context) for node in self]))
  File "/Users/alekseishatalov/PycharmProjects/MyNewsPaper/venv/lib/python3.8/site-packages/django/template/base.py", line 1005, in <listcomp>
    return SafeString("".join([node.render_annotated(context) for node in self]))
  File "/Users/alekseishatalov/PycharmProjects/MyNewsPaper/venv/lib/python3.8/site-packages/django/template/base.py", line 966, in render_annotated
    return self.render(context)
  File "/Users/alekseishatalov/PycharmProjects/MyNewsPaper/venv/lib/python3.8/site-packages/django/template/loader_tags.py", line 157, in render
    return compiled_parent._render(context)
  File "/Users/alekseishatalov/PycharmProjects/MyNewsPaper/venv/lib/python3.8/site-packages/django/template/base.py", line 167, in _render
    return self.nodelist.render(context)
  File "/Users/alekseishatalov/PycharmProjects/MyNewsPaper/venv/lib/python3.8/site-packages/django/template/base.py", line 1005, in render
    return SafeString("".join([node.render_annotated(context) for node in self]))
  File "/Users/alekseishatalov/PycharmProjects/MyNewsPaper/venv/lib/python3.8/site-packages/django/template/base.py", line 1005, in <listcomp>
    return SafeString("".join([node.render_annotated(context) for node in self]))
  File "/Users/alekseishatalov/PycharmProjects/MyNewsPaper/venv/lib/python3.8/site-packages/django/template/base.py", line 966, in render_annotated
    return self.render(context)
  File "/Users/alekseishatalov/PycharmProjects/MyNewsPaper/venv/lib/python3.8/site-packages/django/template/defaulttags.py", line 471, in render
    url = reverse(view_name, args=args, kwargs=kwargs, current_app=current_app)
  File "/Users/alekseishatalov/PycharmProjects/MyNewsPaper/venv/lib/python3.8/site-packages/django/urls/base.py", line 82, in reverse
    raise NoReverseMatch("%s is not a registered namespace" % key)
django.urls.exceptions.NoReverseMatch: 'protect' is not a registered namespace
2025-02-01 14:31:06,739 [ERROR] /Users/alekseishatalov/PycharmProjects/MyNewsPaper/venv/lib/python3.8/site-packages/django/core/servers/basehttp.py: "GET /news/ HTTP/1.1" 500 166596
2025-02-01 14:31:07,610 [ERROR] /Users/alekseishatalov/PycharmProjects/MyNewsPaper/venv/lib/python3.8/site-packages/django/utils/log.py: Internal Server Error: /news/
Traceback (most recent call last):
  File "/Users/alekseishatalov/PycharmProjects/MyNewsPaper/venv/lib/python3.8/site-packages/django/urls/base.py", line 71, in reverse
    extra, resolver = resolver.namespace_dict[ns]
KeyError: 'protect'

During handling of the above exception, another exception occurred:

Traceback (most recent call last):
  File "/Users/alekseishatalov/PycharmProjects/MyNewsPaper/venv/lib/python3.8/site-packages/django/core/handlers/exception.py", line 55, in inner
    response = get_response(request)
  File "/Users/alekseishatalov/PycharmProjects/MyNewsPaper/venv/lib/python3.8/site-packages/django/core/handlers/base.py", line 220, in _get_response
    response = response.render()
  File "/Users/alekseishatalov/PycharmProjects/MyNewsPaper/venv/lib/python3.8/site-packages/django/template/response.py", line 114, in render
    self.content = self.rendered_content
  File "/Users/alekseishatalov/PycharmProjects/MyNewsPaper/venv/lib/python3.8/site-packages/django/template/response.py", line 92, in rendered_content
    return template.render(context, self._request)
  File "/Users/alekseishatalov/PycharmProjects/MyNewsPaper/venv/lib/python3.8/site-packages/django/template/backends/django.py", line 61, in render
    return self.template.render(context)
  File "/Users/alekseishatalov/PycharmProjects/MyNewsPaper/venv/lib/python3.8/site-packages/django/template/base.py", line 175, in render
    return self._render(context)
  File "/Users/alekseishatalov/PycharmProjects/MyNewsPaper/venv/lib/python3.8/site-packages/django/template/base.py", line 167, in _render
    return self.nodelist.render(context)
  File "/Users/alekseishatalov/PycharmProjects/MyNewsPaper/venv/lib/python3.8/site-packages/django/template/base.py", line 1005, in render
    return SafeString("".join([node.render_annotated(context) for node in self]))
  File "/Users/alekseishatalov/PycharmProjects/MyNewsPaper/venv/lib/python3.8/site-packages/django/template/base.py", line 1005, in <listcomp>
    return SafeString("".join([node.render_annotated(context) for node in self]))
  File "/Users/alekseishatalov/PycharmProjects/MyNewsPaper/venv/lib/python3.8/site-packages/django/template/base.py", line 966, in render_annotated
    return self.render(context)
  File "/Users/alekseishatalov/PycharmProjects/MyNewsPaper/venv/lib/python3.8/site-packages/django/template/loader_tags.py", line 157, in render
    return compiled_parent._render(context)
  File "/Users/alekseishatalov/PycharmProjects/MyNewsPaper/venv/lib/python3.8/site-packages/django/template/base.py", line 167, in _render
    return self.nodelist.render(context)
  File "/Users/alekseishatalov/PycharmProjects/MyNewsPaper/venv/lib/python3.8/site-packages/django/template/base.py", line 1005, in render
    return SafeString("".join([node.render_annotated(context) for node in self]))
  File "/Users/alekseishatalov/PycharmProjects/MyNewsPaper/venv/lib/python3.8/site-packages/django/template/base.py", line 1005, in <listcomp>
    return SafeString("".join([node.render_annotated(context) for node in self]))
  File "/Users/alekseishatalov/PycharmProjects/MyNewsPaper/venv/lib/python3.8/site-packages/django/template/base.py", line 966, in render_annotated
    return self.render(context)
  File "/Users/alekseishatalov/PycharmProjects/MyNewsPaper/venv/lib/python3.8/site-packages/django/template/defaulttags.py", line 471, in render
    url = reverse(view_name, args=args, kwargs=kwargs, current_app=current_app)
  File "/Users/alekseishatalov/PycharmProjects/MyNewsPaper/venv/lib/python3.8/site-packages/django/urls/base.py", line 82, in reverse
    raise NoReverseMatch("%s is not a registered namespace" % key)
django.urls.exceptions.NoReverseMatch: 'protect' is not a registered namespace
2025-02-01 14:31:07,611 [ERROR] /Users/alekseishatalov/PycharmProjects/MyNewsPaper/venv/lib/python3.8/site-packages/django/core/servers/basehttp.py: "GET /news/ HTTP/1.1" 500 166596
2025-02-01 14:31:08,255 [ERROR] /Users/alekseishatalov/PycharmProjects/MyNewsPaper/venv/lib/python3.8/site-packages/django/utils/log.py: Internal Server Error: /news/
Traceback (most recent call last):
  File "/Users/alekseishatalov/PycharmProjects/MyNewsPaper/venv/lib/python3.8/site-packages/django/urls/base.py", line 71, in reverse
    extra, resolver = resolver.namespace_dict[ns]
KeyError: 'protect'

During handling of the above exception, another exception occurred:

Traceback (most recent call last):
  File "/Users/alekseishatalov/PycharmProjects/MyNewsPaper/venv/lib/python3.8/site-packages/django/core/handlers/exception.py", line 55, in inner
    response = get_response(request)
  File "/Users/alekseishatalov/PycharmProjects/MyNewsPaper/venv/lib/python3.8/site-packages/django/core/handlers/base.py", line 220, in _get_response
    response = response.render()
  File "/Users/alekseishatalov/PycharmProjects/MyNewsPaper/venv/lib/python3.8/site-packages/django/template/response.py", line 114, in render
    self.content = self.rendered_content
  File "/Users/alekseishatalov/PycharmProjects/MyNewsPaper/venv/lib/python3.8/site-packages/django/template/response.py", line 92, in rendered_content
    return template.render(context, self._request)
  File "/Users/alekseishatalov/PycharmProjects/MyNewsPaper/venv/lib/python3.8/site-packages/django/template/backends/django.py", line 61, in render
    return self.template.render(context)
  File "/Users/alekseishatalov/PycharmProjects/MyNewsPaper/venv/lib/python3.8/site-packages/django/template/base.py", line 175, in render
    return self._render(context)
  File "/Users/alekseishatalov/PycharmProjects/MyNewsPaper/venv/lib/python3.8/site-packages/django/template/base.py", line 167, in _render
    return self.nodelist.render(context)
  File "/Users/alekseishatalov/PycharmProjects/MyNewsPaper/venv/lib/python3.8/site-packages/django/template/base.py", line 1005, in render
    return SafeString("".join([node.render_annotated(context) for node in self]))
  File "/Users/alekseishatalov/PycharmProjects/MyNewsPaper/venv/lib/python3.8/site-packages/django/template/base.py", line 1005, in <listcomp>
    return SafeString("".join([node.render_annotated(context) for node in self]))
  File "/Users/alekseishatalov/PycharmProjects/MyNewsPaper/venv/lib/python3.8/site-packages/django/template/base.py", line 966, in render_annotated
    return self.render(context)
  File "/Users/alekseishatalov/PycharmProjects/MyNewsPaper/venv/lib/python3.8/site-packages/django/template/loader_tags.py", line 157, in render
    return compiled_parent._render(context)
  File "/Users/alekseishatalov/PycharmProjects/MyNewsPaper/venv/lib/python3.8/site-packages/django/template/base.py", line 167, in _render
    return self.nodelist.render(context)
  File "/Users/alekseishatalov/PycharmProjects/MyNewsPaper/venv/lib/python3.8/site-packages/django/template/base.py", line 1005, in render
    return SafeString("".join([node.render_annotated(context) for node in self]))
  File "/Users/alekseishatalov/PycharmProjects/MyNewsPaper/venv/lib/python3.8/site-packages/django/template/base.py", line 1005, in <listcomp>
    return SafeString("".join([node.render_annotated(context) for node in self]))
  File "/Users/alekseishatalov/PycharmProjects/MyNewsPaper/venv/lib/python3.8/site-packages/django/template/base.py", line 966, in render_annotated
    return self.render(context)
  File "/Users/alekseishatalov/PycharmProjects/MyNewsPaper/venv/lib/python3.8/site-packages/django/template/defaulttags.py", line 471, in render
    url = reverse(view_name, args=args, kwargs=kwargs, current_app=current_app)
  File "/Users/alekseishatalov/PycharmProjects/MyNewsPaper/venv/lib/python3.8/site-packages/django/urls/base.py", line 82, in reverse
    raise NoReverseMatch("%s is not a registered namespace" % key)
django.urls.exceptions.NoReverseMatch: 'protect' is not a registered namespace
2025-02-01 14:31:08,255 [ERROR] /Users/alekseishatalov/PycharmProjects/MyNewsPaper/venv/lib/python3.8/site-packages/django/core/servers/basehttp.py: "GET /news/ HTTP/1.1" 500 166596
2025-02-01 14:31:08,922 [ERROR] /Users/alekseishatalov/PycharmProjects/MyNewsPaper/venv/lib/python3.8/site-packages/django/utils/log.py: Internal Server Error: /news/
Traceback (most recent call last):
  File "/Users/alekseishatalov/PycharmProjects/MyNewsPaper/venv/lib/python3.8/site-packages/django/urls/base.py", line 71, in reverse
    extra, resolver = resolver.namespace_dict[ns]
KeyError: 'protect'

During handling of the above exception, another exception occurred:

Traceback (most recent call last):
  File "/Users/alekseishatalov/PycharmProjects/MyNewsPaper/venv/lib/python3.8/site-packages/django/core/handlers/exception.py", line 55, in inner
    response = get_response(request)
  File "/Users/alekseishatalov/PycharmProjects/MyNewsPaper/venv/lib/python3.8/site-packages/django/core/handlers/base.py", line 220, in _get_response
    response = response.render()
  File "/Users/alekseishatalov/PycharmProjects/MyNewsPaper/venv/lib/python3.8/site-packages/django/template/response.py", line 114, in render
    self.content = self.rendered_content
  File "/Users/alekseishatalov/PycharmProjects/MyNewsPaper/venv/lib/python3.8/site-packages/django/template/response.py", line 92, in rendered_content
    return template.render(context, self._request)
  File "/Users/alekseishatalov/PycharmProjects/MyNewsPaper/venv/lib/python3.8/site-packages/django/template/backends/django.py", line 61, in render
    return self.template.render(context)
  File "/Users/alekseishatalov/PycharmProjects/MyNewsPaper/venv/lib/python3.8/site-packages/django/template/base.py", line 175, in render
    return self._render(context)
  File "/Users/alekseishatalov/PycharmProjects/MyNewsPaper/venv/lib/python3.8/site-packages/django/template/base.py", line 167, in _render
    return self.nodelist.render(context)
  File "/Users/alekseishatalov/PycharmProjects/MyNewsPaper/venv/lib/python3.8/site-packages/django/template/base.py", line 1005, in render
    return SafeString("".join([node.render_annotated(context) for node in self]))
  File "/Users/alekseishatalov/PycharmProjects/MyNewsPaper/venv/lib/python3.8/site-packages/django/template/base.py", line 1005, in <listcomp>
    return SafeString("".join([node.render_annotated(context) for node in self]))
  File "/Users/alekseishatalov/PycharmProjects/MyNewsPaper/venv/lib/python3.8/site-packages/django/template/base.py", line 966, in render_annotated
    return self.render(context)
  File "/Users/alekseishatalov/PycharmProjects/MyNewsPaper/venv/lib/python3.8/site-packages/django/template/loader_tags.py", line 157, in render
    return compiled_parent._render(context)
  File "/Users/alekseishatalov/PycharmProjects/MyNewsPaper/venv/lib/python3.8/site-packages/django/template/base.py", line 167, in _render
    return self.nodelist.render(context)
  File "/Users/alekseishatalov/PycharmProjects/MyNewsPaper/venv/lib/python3.8/site-packages/django/template/base.py", line 1005, in render
    return SafeString("".join([node.render_annotated(context) for node in self]))
  File "/Users/alekseishatalov/PycharmProjects/MyNewsPaper/venv/lib/python3.8/site-packages/django/template/base.py", line 1005, in <listcomp>
    return SafeString("".join([node.render_annotated(context) for node in self]))
  File "/Users/alekseishatalov/PycharmProjects/MyNewsPaper/venv/lib/python3.8/site-packages/django/template/base.py", line 966, in render_annotated
    return self.render(context)
  File "/Users/alekseishatalov/PycharmProjects/MyNewsPaper/venv/lib/python3.8/site-packages/django/template/defaulttags.py", line 471, in render
    url = reverse(view_name, args=args, kwargs=kwargs, current_app=current_app)
  File "/Users/alekseishatalov/PycharmProjects/MyNewsPaper/venv/lib/python3.8/site-packages/django/urls/base.py", line 82, in reverse
    raise NoReverseMatch("%s is not a registered namespace" % key)
django.urls.exceptions.NoReverseMatch: 'protect' is not a registered namespace
2025-02-01 14:31:08,922 [ERROR] /Users/alekseishatalov/PycharmProjects/MyNewsPaper/venv/lib/python3.8/site-packages/django/core/servers/basehttp.py: "GET /news/ HTTP/1.1" 500 166596
2025-02-01 14:31:09,419 [ERROR] /Users/alekseishatalov/PycharmProjects/MyNewsPaper/venv/lib/python3.8/site-packages/django/utils/log.py: Internal Server Error: /news/
Traceback (most recent call last):
  File "/Users/alekseishatalov/PycharmProjects/MyNewsPaper/venv/lib/python3.8/site-packages/django/urls/base.py", line 71, in reverse
    extra, resolver = resolver.namespace_dict[ns]
KeyError: 'protect'

During handling of the above exception, another exception occurred:

Traceback (most recent call last):
  File "/Users/alekseishatalov/PycharmProjects/MyNewsPaper/venv/lib/python3.8/site-packages/django/core/handlers/exception.py", line 55, in inner
    response = get_response(request)
  File "/Users/alekseishatalov/PycharmProjects/MyNewsPaper/venv/lib/python3.8/site-packages/django/core/handlers/base.py", line 220, in _get_response
    response = response.render()
  File "/Users/alekseishatalov/PycharmProjects/MyNewsPaper/venv/lib/python3.8/site-packages/django/template/response.py", line 114, in render
    self.content = self.rendered_content
  File "/Users/alekseishatalov/PycharmProjects/MyNewsPaper/venv/lib/python3.8/site-packages/django/template/response.py", line 92, in rendered_content
    return template.render(context, self._request)
  File "/Users/alekseishatalov/PycharmProjects/MyNewsPaper/venv/lib/python3.8/site-packages/django/template/backends/django.py", line 61, in render
    return self.template.render(context)
  File "/Users/alekseishatalov/PycharmProjects/MyNewsPaper/venv/lib/python3.8/site-packages/django/template/base.py", line 175, in render
    return self._render(context)
  File "/Users/alekseishatalov/PycharmProjects/MyNewsPaper/venv/lib/python3.8/site-packages/django/template/base.py", line 167, in _render
    return self.nodelist.render(context)
  File "/Users/alekseishatalov/PycharmProjects/MyNewsPaper/venv/lib/python3.8/site-packages/django/template/base.py", line 1005, in render
    return SafeString("".join([node.render_annotated(context) for node in self]))
  File "/Users/alekseishatalov/PycharmProjects/MyNewsPaper/venv/lib/python3.8/site-packages/django/template/base.py", line 1005, in <listcomp>
    return SafeString("".join([node.render_annotated(context) for node in self]))
  File "/Users/alekseishatalov/PycharmProjects/MyNewsPaper/venv/lib/python3.8/site-packages/django/template/base.py", line 966, in render_annotated
    return self.render(context)
  File "/Users/alekseishatalov/PycharmProjects/MyNewsPaper/venv/lib/python3.8/site-packages/django/template/loader_tags.py", line 157, in render
    return compiled_parent._render(context)
  File "/Users/alekseishatalov/PycharmProjects/MyNewsPaper/venv/lib/python3.8/site-packages/django/template/base.py", line 167, in _render
    return self.nodelist.render(context)
  File "/Users/alekseishatalov/PycharmProjects/MyNewsPaper/venv/lib/python3.8/site-packages/django/template/base.py", line 1005, in render
    return SafeString("".join([node.render_annotated(context) for node in self]))
  File "/Users/alekseishatalov/PycharmProjects/MyNewsPaper/venv/lib/python3.8/site-packages/django/template/base.py", line 1005, in <listcomp>
    return SafeString("".join([node.render_annotated(context) for node in self]))
  File "/Users/alekseishatalov/PycharmProjects/MyNewsPaper/venv/lib/python3.8/site-packages/django/template/base.py", line 966, in render_annotated
    return self.render(context)
  File "/Users/alekseishatalov/PycharmProjects/MyNewsPaper/venv/lib/python3.8/site-packages/django/template/defaulttags.py", line 471, in render
    url = reverse(view_name, args=args, kwargs=kwargs, current_app=current_app)
  File "/Users/alekseishatalov/PycharmProjects/MyNewsPaper/venv/lib/python3.8/site-packages/django/urls/base.py", line 82, in reverse
    raise NoReverseMatch("%s is not a registered namespace" % key)
django.urls.exceptions.NoReverseMatch: 'protect' is not a registered namespace
2025-02-01 14:31:09,419 [ERROR] /Users/alekseishatalov/PycharmProjects/MyNewsPaper/venv/lib/python3.8/site-packages/django/core/servers/basehttp.py: "GET /news/ HTTP/1.1" 500 166596
2025-02-01 14:31:26,647 [ERROR] /Users/alekseishatalov/PycharmProjects/MyNewsPaper/venv/lib/python3.8/site-packages/django/utils/log.py: Internal Server Error: /news/
Traceback (most recent call last):
  File "/Users/alekseishatalov/PycharmProjects/MyNewsPaper/venv/lib/python3.8/site-packages/django/urls/base.py", line 71, in reverse
    extra, resolver = resolver.namespace_dict[ns]
KeyError: 'protect'

During handling of the above exception, another exception occurred:

Traceback (most recent call last):
  File "/Users/alekseishatalov/PycharmProjects/MyNewsPaper/venv/lib/python3.8/site-packages/django/core/handlers/exception.py", line 55, in inner
    response = get_response(request)
  File "/Users/alekseishatalov/PycharmProjects/MyNewsPaper/venv/lib/python3.8/site-packages/django/core/handlers/base.py", line 220, in _get_response
    response = response.render()
  File "/Users/alekseishatalov/PycharmProjects/MyNewsPaper/venv/lib/python3.8/site-packages/django/template/response.py", line 114, in render
    self.content = self.rendered_content
  File "/Users/alekseishatalov/PycharmProjects/MyNewsPaper/venv/lib/python3.8/site-packages/django/template/response.py", line 92, in rendered_content
    return template.render(context, self._request)
  File "/Users/alekseishatalov/PycharmProjects/MyNewsPaper/venv/lib/python3.8/site-packages/django/template/backends/django.py", line 61, in render
    return self.template.render(context)
  File "/Users/alekseishatalov/PycharmProjects/MyNewsPaper/venv/lib/python3.8/site-packages/django/template/base.py", line 175, in render
    return self._render(context)
  File "/Users/alekseishatalov/PycharmProjects/MyNewsPaper/venv/lib/python3.8/site-packages/django/template/base.py", line 167, in _render
    return self.nodelist.render(context)
  File "/Users/alekseishatalov/PycharmProjects/MyNewsPaper/venv/lib/python3.8/site-packages/django/template/base.py", line 1005, in render
    return SafeString("".join([node.render_annotated(context) for node in self]))
  File "/Users/alekseishatalov/PycharmProjects/MyNewsPaper/venv/lib/python3.8/site-packages/django/template/base.py", line 1005, in <listcomp>
    return SafeString("".join([node.render_annotated(context) for node in self]))
  File "/Users/alekseishatalov/PycharmProjects/MyNewsPaper/venv/lib/python3.8/site-packages/django/template/base.py", line 966, in render_annotated
    return self.render(context)
  File "/Users/alekseishatalov/PycharmProjects/MyNewsPaper/venv/lib/python3.8/site-packages/django/template/loader_tags.py", line 157, in render
    return compiled_parent._render(context)
  File "/Users/alekseishatalov/PycharmProjects/MyNewsPaper/venv/lib/python3.8/site-packages/django/template/base.py", line 167, in _render
    return self.nodelist.render(context)
  File "/Users/alekseishatalov/PycharmProjects/MyNewsPaper/venv/lib/python3.8/site-packages/django/template/base.py", line 1005, in render
    return SafeString("".join([node.render_annotated(context) for node in self]))
  File "/Users/alekseishatalov/PycharmProjects/MyNewsPaper/venv/lib/python3.8/site-packages/django/template/base.py", line 1005, in <listcomp>
    return SafeString("".join([node.render_annotated(context) for node in self]))
  File "/Users/alekseishatalov/PycharmProjects/MyNewsPaper/venv/lib/python3.8/site-packages/django/template/base.py", line 966, in render_annotated
    return self.render(context)
  File "/Users/alekseishatalov/PycharmProjects/MyNewsPaper/venv/lib/python3.8/site-packages/django/template/defaulttags.py", line 471, in render
    url = reverse(view_name, args=args, kwargs=kwargs, current_app=current_app)
  File "/Users/alekseishatalov/PycharmProjects/MyNewsPaper/venv/lib/python3.8/site-packages/django/urls/base.py", line 82, in reverse
    raise NoReverseMatch("%s is not a registered namespace" % key)
django.urls.exceptions.NoReverseMatch: 'protect' is not a registered namespace
2025-02-01 14:31:26,647 [ERROR] /Users/alekseishatalov/PycharmProjects/MyNewsPaper/venv/lib/python3.8/site-packages/django/core/servers/basehttp.py: "GET /news/ HTTP/1.1" 500 166596
2025-02-01 14:31:27,491 [ERROR] /Users/alekseishatalov/PycharmProjects/MyNewsPaper/venv/lib/python3.8/site-packages/django/utils/log.py: Internal Server Error: /news/
Traceback (most recent call last):
  File "/Users/alekseishatalov/PycharmProjects/MyNewsPaper/venv/lib/python3.8/site-packages/django/core/handlers/exception.py", line 55, in inner
    response = get_response(request)
  File "/Users/alekseishatalov/PycharmProjects/MyNewsPaper/venv/lib/python3.8/site-packages/django/core/handlers/base.py", line 220, in _get_response
    response = response.render()
  File "/Users/alekseishatalov/PycharmProjects/MyNewsPaper/venv/lib/python3.8/site-packages/django/template/response.py", line 114, in render
    self.content = self.rendered_content
  File "/Users/alekseishatalov/PycharmProjects/MyNewsPaper/venv/lib/python3.8/site-packages/django/template/response.py", line 92, in rendered_content
    return template.render(context, self._request)
  File "/Users/alekseishatalov/PycharmProjects/MyNewsPaper/venv/lib/python3.8/site-packages/django/template/backends/django.py", line 61, in render
    return self.template.render(context)
  File "/Users/alekseishatalov/PycharmProjects/MyNewsPaper/venv/lib/python3.8/site-packages/django/template/base.py", line 175, in render
    return self._render(context)
  File "/Users/alekseishatalov/PycharmProjects/MyNewsPaper/venv/lib/python3.8/site-packages/django/template/base.py", line 167, in _render
    return self.nodelist.render(context)
  File "/Users/alekseishatalov/PycharmProjects/MyNewsPaper/venv/lib/python3.8/site-packages/django/template/base.py", line 1005, in render
    return SafeString("".join([node.render_annotated(context) for node in self]))
  File "/Users/alekseishatalov/PycharmProjects/MyNewsPaper/venv/lib/python3.8/site-packages/django/template/base.py", line 1005, in <listcomp>
    return SafeString("".join([node.render_annotated(context) for node in self]))
  File "/Users/alekseishatalov/PycharmProjects/MyNewsPaper/venv/lib/python3.8/site-packages/django/template/base.py", line 966, in render_annotated
    return self.render(context)
  File "/Users/alekseishatalov/PycharmProjects/MyNewsPaper/venv/lib/python3.8/site-packages/django/template/loader_tags.py", line 157, in render
    return compiled_parent._render(context)
  File "/Users/alekseishatalov/PycharmProjects/MyNewsPaper/venv/lib/python3.8/site-packages/django/template/base.py", line 167, in _render
    return self.nodelist.render(context)
  File "/Users/alekseishatalov/PycharmProjects/MyNewsPaper/venv/lib/python3.8/site-packages/django/template/base.py", line 1005, in render
    return SafeString("".join([node.render_annotated(context) for node in self]))
  File "/Users/alekseishatalov/PycharmProjects/MyNewsPaper/venv/lib/python3.8/site-packages/django/template/base.py", line 1005, in <listcomp>
    return SafeString("".join([node.render_annotated(context) for node in self]))
  File "/Users/alekseishatalov/PycharmProjects/MyNewsPaper/venv/lib/python3.8/site-packages/django/template/base.py", line 966, in render_annotated
    return self.render(context)
  File "/Users/alekseishatalov/PycharmProjects/MyNewsPaper/venv/lib/python3.8/site-packages/django/template/defaulttags.py", line 471, in render
    url = reverse(view_name, args=args, kwargs=kwargs, current_app=current_app)
  File "/Users/alekseishatalov/PycharmProjects/MyNewsPaper/venv/lib/python3.8/site-packages/django/urls/base.py", line 88, in reverse
    return resolver._reverse_with_prefix(view, prefix, *args, **kwargs)
  File "/Users/alekseishatalov/PycharmProjects/MyNewsPaper/venv/lib/python3.8/site-packages/django/urls/resolvers.py", line 828, in _reverse_with_prefix
    raise NoReverseMatch(msg)
django.urls.exceptions.NoReverseMatch: Reverse for 'protect' not found. 'protect' is not a valid view function or pattern name.
2025-02-01 14:31:27,491 [ERROR] /Users/alekseishatalov/PycharmProjects/MyNewsPaper/venv/lib/python3.8/site-packages/django/core/servers/basehttp.py: "GET /news/ HTTP/1.1" 500 164677
2025-02-01 14:33:06,984 [ERROR] /Users/alekseishatalov/PycharmProjects/MyNewsPaper/venv/lib/python3.8/site-packages/django/utils/log.py: Internal Server Error: /news/
Traceback (most recent call last):
  File "/Users/alekseishatalov/PycharmProjects/MyNewsPaper/venv/lib/python3.8/site-packages/django/urls/base.py", line 71, in reverse
    extra, resolver = resolver.namespace_dict[ns]
KeyError: 'sign'

During handling of the above exception, another exception occurred:

Traceback (most recent call last):
  File "/Users/alekseishatalov/PycharmProjects/MyNewsPaper/venv/lib/python3.8/site-packages/django/core/handlers/exception.py", line 55, in inner
    response = get_response(request)
  File "/Users/alekseishatalov/PycharmProjects/MyNewsPaper/venv/lib/python3.8/site-packages/django/core/handlers/base.py", line 220, in _get_response
    response = response.render()
  File "/Users/alekseishatalov/PycharmProjects/MyNewsPaper/venv/lib/python3.8/site-packages/django/template/response.py", line 114, in render
    self.content = self.rendered_content
  File "/Users/alekseishatalov/PycharmProjects/MyNewsPaper/venv/lib/python3.8/site-packages/django/template/response.py", line 92, in rendered_content
    return template.render(context, self._request)
  File "/Users/alekseishatalov/PycharmProjects/MyNewsPaper/venv/lib/python3.8/site-packages/django/template/backends/django.py", line 61, in render
    return self.template.render(context)
  File "/Users/alekseishatalov/PycharmProjects/MyNewsPaper/venv/lib/python3.8/site-packages/django/template/base.py", line 175, in render
    return self._render(context)
  File "/Users/alekseishatalov/PycharmProjects/MyNewsPaper/venv/lib/python3.8/site-packages/django/template/base.py", line 167, in _render
    return self.nodelist.render(context)
  File "/Users/alekseishatalov/PycharmProjects/MyNewsPaper/venv/lib/python3.8/site-packages/django/template/base.py", line 1005, in render
    return SafeString("".join([node.render_annotated(context) for node in self]))
  File "/Users/alekseishatalov/PycharmProjects/MyNewsPaper/venv/lib/python3.8/site-packages/django/template/base.py", line 1005, in <listcomp>
    return SafeString("".join([node.render_annotated(context) for node in self]))
  File "/Users/alekseishatalov/PycharmProjects/MyNewsPaper/venv/lib/python3.8/site-packages/django/template/base.py", line 966, in render_annotated
    return self.render(context)
  File "/Users/alekseishatalov/PycharmProjects/MyNewsPaper/venv/lib/python3.8/site-packages/django/template/loader_tags.py", line 157, in render
    return compiled_parent._render(context)
  File "/Users/alekseishatalov/PycharmProjects/MyNewsPaper/venv/lib/python3.8/site-packages/django/template/base.py", line 167, in _render
    return self.nodelist.render(context)
  File "/Users/alekseishatalov/PycharmProjects/MyNewsPaper/venv/lib/python3.8/site-packages/django/template/base.py", line 1005, in render
    return SafeString("".join([node.render_annotated(context) for node in self]))
  File "/Users/alekseishatalov/PycharmProjects/MyNewsPaper/venv/lib/python3.8/site-packages/django/template/base.py", line 1005, in <listcomp>
    return SafeString("".join([node.render_annotated(context) for node in self]))
  File "/Users/alekseishatalov/PycharmProjects/MyNewsPaper/venv/lib/python3.8/site-packages/django/template/base.py", line 966, in render_annotated
    return self.render(context)
  File "/Users/alekseishatalov/PycharmProjects/MyNewsPaper/venv/lib/python3.8/site-packages/django/template/defaulttags.py", line 471, in render
    url = reverse(view_name, args=args, kwargs=kwargs, current_app=current_app)
  File "/Users/alekseishatalov/PycharmProjects/MyNewsPaper/venv/lib/python3.8/site-packages/django/urls/base.py", line 82, in reverse
    raise NoReverseMatch("%s is not a registered namespace" % key)
django.urls.exceptions.NoReverseMatch: 'sign' is not a registered namespace
2025-02-01 14:33:06,985 [ERROR] /Users/alekseishatalov/PycharmProjects/MyNewsPaper/venv/lib/python3.8/site-packages/django/core/servers/basehttp.py: "GET /news/ HTTP/1.1" 500 166702
2025-02-01 14:33:08,023 [ERROR] /Users/alekseishatalov/PycharmProjects/MyNewsPaper/venv/lib/python3.8/site-packages/django/utils/log.py: Internal Server Error: /news/
Traceback (most recent call last):
  File "/Users/alekseishatalov/PycharmProjects/MyNewsPaper/venv/lib/python3.8/site-packages/django/urls/base.py", line 71, in reverse
    extra, resolver = resolver.namespace_dict[ns]
KeyError: 'sign'

During handling of the above exception, another exception occurred:

Traceback (most recent call last):
  File "/Users/alekseishatalov/PycharmProjects/MyNewsPaper/venv/lib/python3.8/site-packages/django/core/handlers/exception.py", line 55, in inner
    response = get_response(request)
  File "/Users/alekseishatalov/PycharmProjects/MyNewsPaper/venv/lib/python3.8/site-packages/django/core/handlers/base.py", line 220, in _get_response
    response = response.render()
  File "/Users/alekseishatalov/PycharmProjects/MyNewsPaper/venv/lib/python3.8/site-packages/django/template/response.py", line 114, in render
    self.content = self.rendered_content
  File "/Users/alekseishatalov/PycharmProjects/MyNewsPaper/venv/lib/python3.8/site-packages/django/template/response.py", line 92, in rendered_content
    return template.render(context, self._request)
  File "/Users/alekseishatalov/PycharmProjects/MyNewsPaper/venv/lib/python3.8/site-packages/django/template/backends/django.py", line 61, in render
    return self.template.render(context)
  File "/Users/alekseishatalov/PycharmProjects/MyNewsPaper/venv/lib/python3.8/site-packages/django/template/base.py", line 175, in render
    return self._render(context)
  File "/Users/alekseishatalov/PycharmProjects/MyNewsPaper/venv/lib/python3.8/site-packages/django/template/base.py", line 167, in _render
    return self.nodelist.render(context)
  File "/Users/alekseishatalov/PycharmProjects/MyNewsPaper/venv/lib/python3.8/site-packages/django/template/base.py", line 1005, in render
    return SafeString("".join([node.render_annotated(context) for node in self]))
  File "/Users/alekseishatalov/PycharmProjects/MyNewsPaper/venv/lib/python3.8/site-packages/django/template/base.py", line 1005, in <listcomp>
    return SafeString("".join([node.render_annotated(context) for node in self]))
  File "/Users/alekseishatalov/PycharmProjects/MyNewsPaper/venv/lib/python3.8/site-packages/django/template/base.py", line 966, in render_annotated
    return self.render(context)
  File "/Users/alekseishatalov/PycharmProjects/MyNewsPaper/venv/lib/python3.8/site-packages/django/template/loader_tags.py", line 157, in render
    return compiled_parent._render(context)
  File "/Users/alekseishatalov/PycharmProjects/MyNewsPaper/venv/lib/python3.8/site-packages/django/template/base.py", line 167, in _render
    return self.nodelist.render(context)
  File "/Users/alekseishatalov/PycharmProjects/MyNewsPaper/venv/lib/python3.8/site-packages/django/template/base.py", line 1005, in render
    return SafeString("".join([node.render_annotated(context) for node in self]))
  File "/Users/alekseishatalov/PycharmProjects/MyNewsPaper/venv/lib/python3.8/site-packages/django/template/base.py", line 1005, in <listcomp>
    return SafeString("".join([node.render_annotated(context) for node in self]))
  File "/Users/alekseishatalov/PycharmProjects/MyNewsPaper/venv/lib/python3.8/site-packages/django/template/base.py", line 966, in render_annotated
    return self.render(context)
  File "/Users/alekseishatalov/PycharmProjects/MyNewsPaper/venv/lib/python3.8/site-packages/django/template/defaulttags.py", line 471, in render
    url = reverse(view_name, args=args, kwargs=kwargs, current_app=current_app)
  File "/Users/alekseishatalov/PycharmProjects/MyNewsPaper/venv/lib/python3.8/site-packages/django/urls/base.py", line 82, in reverse
    raise NoReverseMatch("%s is not a registered namespace" % key)
django.urls.exceptions.NoReverseMatch: 'sign' is not a registered namespace
2025-02-01 14:33:08,024 [ERROR] /Users/alekseishatalov/PycharmProjects/MyNewsPaper/venv/lib/python3.8/site-packages/django/core/servers/basehttp.py: "GET /news/ HTTP/1.1" 500 166702
2025-02-01 14:34:02,269 [ERROR] /Users/alekseishatalov/PycharmProjects/MyNewsPaper/venv/lib/python3.8/site-packages/django/utils/log.py: Internal Server Error: /news/
Traceback (most recent call last):
  File "/Users/alekseishatalov/PycharmProjects/MyNewsPaper/venv/lib/python3.8/site-packages/django/urls/base.py", line 71, in reverse
    extra, resolver = resolver.namespace_dict[ns]
KeyError: 'sign'

During handling of the above exception, another exception occurred:

Traceback (most recent call last):
  File "/Users/alekseishatalov/PycharmProjects/MyNewsPaper/venv/lib/python3.8/site-packages/django/core/handlers/exception.py", line 55, in inner
    response = get_response(request)
  File "/Users/alekseishatalov/PycharmProjects/MyNewsPaper/venv/lib/python3.8/site-packages/django/core/handlers/base.py", line 220, in _get_response
    response = response.render()
  File "/Users/alekseishatalov/PycharmProjects/MyNewsPaper/venv/lib/python3.8/site-packages/django/template/response.py", line 114, in render
    self.content = self.rendered_content
  File "/Users/alekseishatalov/PycharmProjects/MyNewsPaper/venv/lib/python3.8/site-packages/django/template/response.py", line 92, in rendered_content
    return template.render(context, self._request)
  File "/Users/alekseishatalov/PycharmProjects/MyNewsPaper/venv/lib/python3.8/site-packages/django/template/backends/django.py", line 61, in render
    return self.template.render(context)
  File "/Users/alekseishatalov/PycharmProjects/MyNewsPaper/venv/lib/python3.8/site-packages/django/template/base.py", line 175, in render
    return self._render(context)
  File "/Users/alekseishatalov/PycharmProjects/MyNewsPaper/venv/lib/python3.8/site-packages/django/template/base.py", line 167, in _render
    return self.nodelist.render(context)
  File "/Users/alekseishatalov/PycharmProjects/MyNewsPaper/venv/lib/python3.8/site-packages/django/template/base.py", line 1005, in render
    return SafeString("".join([node.render_annotated(context) for node in self]))
  File "/Users/alekseishatalov/PycharmProjects/MyNewsPaper/venv/lib/python3.8/site-packages/django/template/base.py", line 1005, in <listcomp>
    return SafeString("".join([node.render_annotated(context) for node in self]))
  File "/Users/alekseishatalov/PycharmProjects/MyNewsPaper/venv/lib/python3.8/site-packages/django/template/base.py", line 966, in render_annotated
    return self.render(context)
  File "/Users/alekseishatalov/PycharmProjects/MyNewsPaper/venv/lib/python3.8/site-packages/django/template/loader_tags.py", line 157, in render
    return compiled_parent._render(context)
  File "/Users/alekseishatalov/PycharmProjects/MyNewsPaper/venv/lib/python3.8/site-packages/django/template/base.py", line 167, in _render
    return self.nodelist.render(context)
  File "/Users/alekseishatalov/PycharmProjects/MyNewsPaper/venv/lib/python3.8/site-packages/django/template/base.py", line 1005, in render
    return SafeString("".join([node.render_annotated(context) for node in self]))
  File "/Users/alekseishatalov/PycharmProjects/MyNewsPaper/venv/lib/python3.8/site-packages/django/template/base.py", line 1005, in <listcomp>
    return SafeString("".join([node.render_annotated(context) for node in self]))
  File "/Users/alekseishatalov/PycharmProjects/MyNewsPaper/venv/lib/python3.8/site-packages/django/template/base.py", line 966, in render_annotated
    return self.render(context)
  File "/Users/alekseishatalov/PycharmProjects/MyNewsPaper/venv/lib/python3.8/site-packages/django/template/defaulttags.py", line 471, in render
    url = reverse(view_name, args=args, kwargs=kwargs, current_app=current_app)
  File "/Users/alekseishatalov/PycharmProjects/MyNewsPaper/venv/lib/python3.8/site-packages/django/urls/base.py", line 82, in reverse
    raise NoReverseMatch("%s is not a registered namespace" % key)
django.urls.exceptions.NoReverseMatch: 'sign' is not a registered namespace
2025-02-01 14:34:02,270 [ERROR] /Users/alekseishatalov/PycharmProjects/MyNewsPaper/venv/lib/python3.8/site-packages/django/core/servers/basehttp.py: "GET /news/ HTTP/1.1" 500 166702
2025-02-01 14:44:17,792 [ERROR] /Users/alekseishatalov/PycharmProjects/MyNewsPaper/venv/lib/python3.8/site-packages/django/utils/log.py: Internal Server Error: /news/
Traceback (most recent call last):
  File "/Users/alekseishatalov/PycharmProjects/MyNewsPaper/venv/lib/python3.8/site-packages/django/urls/base.py", line 71, in reverse
    extra, resolver = resolver.namespace_dict[ns]
KeyError: 'protect'

During handling of the above exception, another exception occurred:

Traceback (most recent call last):
  File "/Users/alekseishatalov/PycharmProjects/MyNewsPaper/venv/lib/python3.8/site-packages/django/core/handlers/exception.py", line 55, in inner
    response = get_response(request)
  File "/Users/alekseishatalov/PycharmProjects/MyNewsPaper/venv/lib/python3.8/site-packages/django/core/handlers/base.py", line 220, in _get_response
    response = response.render()
  File "/Users/alekseishatalov/PycharmProjects/MyNewsPaper/venv/lib/python3.8/site-packages/django/template/response.py", line 114, in render
    self.content = self.rendered_content
  File "/Users/alekseishatalov/PycharmProjects/MyNewsPaper/venv/lib/python3.8/site-packages/django/template/response.py", line 92, in rendered_content
    return template.render(context, self._request)
  File "/Users/alekseishatalov/PycharmProjects/MyNewsPaper/venv/lib/python3.8/site-packages/django/template/backends/django.py", line 61, in render
    return self.template.render(context)
  File "/Users/alekseishatalov/PycharmProjects/MyNewsPaper/venv/lib/python3.8/site-packages/django/template/base.py", line 175, in render
    return self._render(context)
  File "/Users/alekseishatalov/PycharmProjects/MyNewsPaper/venv/lib/python3.8/site-packages/django/template/base.py", line 167, in _render
    return self.nodelist.render(context)
  File "/Users/alekseishatalov/PycharmProjects/MyNewsPaper/venv/lib/python3.8/site-packages/django/template/base.py", line 1005, in render
    return SafeString("".join([node.render_annotated(context) for node in self]))
  File "/Users/alekseishatalov/PycharmProjects/MyNewsPaper/venv/lib/python3.8/site-packages/django/template/base.py", line 1005, in <listcomp>
    return SafeString("".join([node.render_annotated(context) for node in self]))
  File "/Users/alekseishatalov/PycharmProjects/MyNewsPaper/venv/lib/python3.8/site-packages/django/template/base.py", line 966, in render_annotated
    return self.render(context)
  File "/Users/alekseishatalov/PycharmProjects/MyNewsPaper/venv/lib/python3.8/site-packages/django/template/loader_tags.py", line 157, in render
    return compiled_parent._render(context)
  File "/Users/alekseishatalov/PycharmProjects/MyNewsPaper/venv/lib/python3.8/site-packages/django/template/base.py", line 167, in _render
    return self.nodelist.render(context)
  File "/Users/alekseishatalov/PycharmProjects/MyNewsPaper/venv/lib/python3.8/site-packages/django/template/base.py", line 1005, in render
    return SafeString("".join([node.render_annotated(context) for node in self]))
  File "/Users/alekseishatalov/PycharmProjects/MyNewsPaper/venv/lib/python3.8/site-packages/django/template/base.py", line 1005, in <listcomp>
    return SafeString("".join([node.render_annotated(context) for node in self]))
  File "/Users/alekseishatalov/PycharmProjects/MyNewsPaper/venv/lib/python3.8/site-packages/django/template/base.py", line 966, in render_annotated
    return self.render(context)
  File "/Users/alekseishatalov/PycharmProjects/MyNewsPaper/venv/lib/python3.8/site-packages/django/template/defaulttags.py", line 471, in render
    url = reverse(view_name, args=args, kwargs=kwargs, current_app=current_app)
  File "/Users/alekseishatalov/PycharmProjects/MyNewsPaper/venv/lib/python3.8/site-packages/django/urls/base.py", line 82, in reverse
    raise NoReverseMatch("%s is not a registered namespace" % key)
django.urls.exceptions.NoReverseMatch: 'protect' is not a registered namespace
2025-02-01 14:44:17,796 [ERROR] /Users/alekseishatalov/PycharmProjects/MyNewsPaper/venv/lib/python3.8/site-packages/django/core/servers/basehttp.py: "GET /news/ HTTP/1.1" 500 166756
2025-02-01 14:45:12,701 [ERROR] /Users/alekseishatalov/PycharmProjects/MyNewsPaper/venv/lib/python3.8/site-packages/django/utils/log.py: Internal Server Error: /
Traceback (most recent call last):
  File "/Users/alekseishatalov/PycharmProjects/MyNewsPaper/venv/lib/python3.8/site-packages/django/urls/base.py", line 71, in reverse
    extra, resolver = resolver.namespace_dict[ns]
KeyError: 'protect'

During handling of the above exception, another exception occurred:

Traceback (most recent call last):
  File "/Users/alekseishatalov/PycharmProjects/MyNewsPaper/venv/lib/python3.8/site-packages/django/core/handlers/exception.py", line 55, in inner
    response = get_response(request)
  File "/Users/alekseishatalov/PycharmProjects/MyNewsPaper/venv/lib/python3.8/site-packages/django/core/handlers/base.py", line 220, in _get_response
    response = response.render()
  File "/Users/alekseishatalov/PycharmProjects/MyNewsPaper/venv/lib/python3.8/site-packages/django/template/response.py", line 114, in render
    self.content = self.rendered_content
  File "/Users/alekseishatalov/PycharmProjects/MyNewsPaper/venv/lib/python3.8/site-packages/django/template/response.py", line 92, in rendered_content
    return template.render(context, self._request)
  File "/Users/alekseishatalov/PycharmProjects/MyNewsPaper/venv/lib/python3.8/site-packages/django/template/backends/django.py", line 61, in render
    return self.template.render(context)
  File "/Users/alekseishatalov/PycharmProjects/MyNewsPaper/venv/lib/python3.8/site-packages/django/template/base.py", line 175, in render
    return self._render(context)
  File "/Users/alekseishatalov/PycharmProjects/MyNewsPaper/venv/lib/python3.8/site-packages/django/template/base.py", line 167, in _render
    return self.nodelist.render(context)
  File "/Users/alekseishatalov/PycharmProjects/MyNewsPaper/venv/lib/python3.8/site-packages/django/template/base.py", line 1005, in render
    return SafeString("".join([node.render_annotated(context) for node in self]))
  File "/Users/alekseishatalov/PycharmProjects/MyNewsPaper/venv/lib/python3.8/site-packages/django/template/base.py", line 1005, in <listcomp>
    return SafeString("".join([node.render_annotated(context) for node in self]))
  File "/Users/alekseishatalov/PycharmProjects/MyNewsPaper/venv/lib/python3.8/site-packages/django/template/base.py", line 966, in render_annotated
    return self.render(context)
  File "/Users/alekseishatalov/PycharmProjects/MyNewsPaper/venv/lib/python3.8/site-packages/django/template/loader_tags.py", line 157, in render
    return compiled_parent._render(context)
  File "/Users/alekseishatalov/PycharmProjects/MyNewsPaper/venv/lib/python3.8/site-packages/django/template/base.py", line 167, in _render
    return self.nodelist.render(context)
  File "/Users/alekseishatalov/PycharmProjects/MyNewsPaper/venv/lib/python3.8/site-packages/django/template/base.py", line 1005, in render
    return SafeString("".join([node.render_annotated(context) for node in self]))
  File "/Users/alekseishatalov/PycharmProjects/MyNewsPaper/venv/lib/python3.8/site-packages/django/template/base.py", line 1005, in <listcomp>
    return SafeString("".join([node.render_annotated(context) for node in self]))
  File "/Users/alekseishatalov/PycharmProjects/MyNewsPaper/venv/lib/python3.8/site-packages/django/template/base.py", line 966, in render_annotated
    return self.render(context)
  File "/Users/alekseishatalov/PycharmProjects/MyNewsPaper/venv/lib/python3.8/site-packages/django/template/defaulttags.py", line 471, in render
    url = reverse(view_name, args=args, kwargs=kwargs, current_app=current_app)
  File "/Users/alekseishatalov/PycharmProjects/MyNewsPaper/venv/lib/python3.8/site-packages/django/urls/base.py", line 82, in reverse
    raise NoReverseMatch("%s is not a registered namespace" % key)
django.urls.exceptions.NoReverseMatch: 'protect' is not a registered namespace
2025-02-01 14:45:12,702 [ERROR] /Users/alekseishatalov/PycharmProjects/MyNewsPaper/venv/lib/python3.8/site-packages/django/core/servers/basehttp.py: "GET / HTTP/1.1" 500 166569
2025-02-01 19:57:19,165 [ERROR] /Users/alekseishatalov/PycharmProjects/MyNewsPaper/venv/lib/python3.8/site-packages/django/utils/log.py: Internal Server Error: /swagger-ui/
Traceback (most recent call last):
  File "/Users/alekseishatalov/PycharmProjects/MyNewsPaper/venv/lib/python3.8/site-packages/django/template/base.py", line 505, in parse
    compile_func = self.tags[command]
KeyError: 'static'

During handling of the above exception, another exception occurred:

Traceback (most recent call last):
  File "/Users/alekseishatalov/PycharmProjects/MyNewsPaper/venv/lib/python3.8/site-packages/django/core/handlers/exception.py", line 55, in inner
    response = get_response(request)
  File "/Users/alekseishatalov/PycharmProjects/MyNewsPaper/venv/lib/python3.8/site-packages/django/core/handlers/base.py", line 220, in _get_response
    response = response.render()
  File "/Users/alekseishatalov/PycharmProjects/MyNewsPaper/venv/lib/python3.8/site-packages/django/template/response.py", line 114, in render
    self.content = self.rendered_content
  File "/Users/alekseishatalov/PycharmProjects/MyNewsPaper/venv/lib/python3.8/site-packages/django/template/response.py", line 90, in rendered_content
    template = self.resolve_template(self.template_name)
  File "/Users/alekseishatalov/PycharmProjects/MyNewsPaper/venv/lib/python3.8/site-packages/django/template/response.py", line 72, in resolve_template
    return select_template(template, using=self.using)
  File "/Users/alekseishatalov/PycharmProjects/MyNewsPaper/venv/lib/python3.8/site-packages/django/template/loader.py", line 42, in select_template
    return engine.get_template(template_name)
  File "/Users/alekseishatalov/PycharmProjects/MyNewsPaper/venv/lib/python3.8/site-packages/django/template/backends/django.py", line 33, in get_template
    return Template(self.engine.get_template(template_name), self)
  File "/Users/alekseishatalov/PycharmProjects/MyNewsPaper/venv/lib/python3.8/site-packages/django/template/engine.py", line 175, in get_template
    template, origin = self.find_template(template_name)
  File "/Users/alekseishatalov/PycharmProjects/MyNewsPaper/venv/lib/python3.8/site-packages/django/template/engine.py", line 157, in find_template
    template = loader.get_template(name, skip=skip)
  File "/Users/alekseishatalov/PycharmProjects/MyNewsPaper/venv/lib/python3.8/site-packages/django/template/loaders/cached.py", line 57, in get_template
    template = super().get_template(template_name, skip)
  File "/Users/alekseishatalov/PycharmProjects/MyNewsPaper/venv/lib/python3.8/site-packages/django/template/loaders/base.py", line 28, in get_template
    return Template(
  File "/Users/alekseishatalov/PycharmProjects/MyNewsPaper/venv/lib/python3.8/site-packages/django/template/base.py", line 154, in __init__
    self.nodelist = self.compile_nodelist()
  File "/Users/alekseishatalov/PycharmProjects/MyNewsPaper/venv/lib/python3.8/site-packages/django/template/base.py", line 200, in compile_nodelist
    return parser.parse()
  File "/Users/alekseishatalov/PycharmProjects/MyNewsPaper/venv/lib/python3.8/site-packages/django/template/base.py", line 507, in parse
    self.invalid_block_tag(token, command, parse_until)
  File "/Users/alekseishatalov/PycharmProjects/MyNewsPaper/venv/lib/python3.8/site-packages/django/template/base.py", line 568, in invalid_block_tag
    raise self.error(
django.template.exceptions.TemplateSyntaxError: Invalid block tag on line 15: 'static'. Did you forget to register or load this tag?
2025-02-01 19:57:19,168 [ERROR] /Users/alekseishatalov/PycharmProjects/MyNewsPaper/venv/lib/python3.8/site-packages/django/core/servers/basehttp.py: "GET /swagger-ui/ HTTP/1.1" 500 137552
2025-02-02 00:44:10,542 [ERROR] /Users/alekseishatalov/PycharmProjects/MyNewsPaper/venv/lib/python3.8/site-packages/django/utils/log.py: Internal Server Error: /posts/
Traceback (most recent call last):
  File "/Users/alekseishatalov/PycharmProjects/MyNewsPaper/venv/lib/python3.8/site-packages/rest_framework/relations.py", line 396, in to_representation
    url = self.get_url(value, self.view_name, request, format)
  File "/Users/alekseishatalov/PycharmProjects/MyNewsPaper/venv/lib/python3.8/site-packages/rest_framework/relations.py", line 334, in get_url
    return self.reverse(view_name, kwargs=kwargs, request=request, format=format)
  File "/Users/alekseishatalov/PycharmProjects/MyNewsPaper/venv/lib/python3.8/site-packages/rest_framework/reverse.py", line 47, in reverse
    url = _reverse(viewname, args, kwargs, request, format, **extra)
  File "/Users/alekseishatalov/PycharmProjects/MyNewsPaper/venv/lib/python3.8/site-packages/rest_framework/reverse.py", line 60, in _reverse
    url = django_reverse(viewname, args=args, kwargs=kwargs, **extra)
  File "/Users/alekseishatalov/PycharmProjects/MyNewsPaper/venv/lib/python3.8/site-packages/django/urls/base.py", line 88, in reverse
    return resolver._reverse_with_prefix(view, prefix, *args, **kwargs)
  File "/Users/alekseishatalov/PycharmProjects/MyNewsPaper/venv/lib/python3.8/site-packages/django/urls/resolvers.py", line 828, in _reverse_with_prefix
    raise NoReverseMatch(msg)
django.urls.exceptions.NoReverseMatch: Reverse for 'author-detail' not found. 'author-detail' is not a valid view function or pattern name.

During handling of the above exception, another exception occurred:

Traceback (most recent call last):
  File "/Users/alekseishatalov/PycharmProjects/MyNewsPaper/venv/lib/python3.8/site-packages/django/core/handlers/exception.py", line 55, in inner
    response = get_response(request)
  File "/Users/alekseishatalov/PycharmProjects/MyNewsPaper/venv/lib/python3.8/site-packages/django/core/handlers/base.py", line 197, in _get_response
    response = wrapped_callback(request, *callback_args, **callback_kwargs)
  File "/Users/alekseishatalov/PycharmProjects/MyNewsPaper/venv/lib/python3.8/site-packages/django/views/decorators/csrf.py", line 56, in wrapper_view
    return view_func(*args, **kwargs)
  File "/Users/alekseishatalov/PycharmProjects/MyNewsPaper/venv/lib/python3.8/site-packages/rest_framework/viewsets.py", line 124, in view
    return self.dispatch(request, *args, **kwargs)
  File "/Users/alekseishatalov/PycharmProjects/MyNewsPaper/venv/lib/python3.8/site-packages/rest_framework/views.py", line 509, in dispatch
    response = self.handle_exception(exc)
  File "/Users/alekseishatalov/PycharmProjects/MyNewsPaper/venv/lib/python3.8/site-packages/rest_framework/views.py", line 469, in handle_exception
    self.raise_uncaught_exception(exc)
  File "/Users/alekseishatalov/PycharmProjects/MyNewsPaper/venv/lib/python3.8/site-packages/rest_framework/views.py", line 480, in raise_uncaught_exception
    raise exc
  File "/Users/alekseishatalov/PycharmProjects/MyNewsPaper/venv/lib/python3.8/site-packages/rest_framework/views.py", line 506, in dispatch
    response = handler(request, *args, **kwargs)
  File "/Users/alekseishatalov/PycharmProjects/MyNewsPaper/venv/lib/python3.8/site-packages/rest_framework/mixins.py", line 43, in list
    return self.get_paginated_response(serializer.data)
  File "/Users/alekseishatalov/PycharmProjects/MyNewsPaper/venv/lib/python3.8/site-packages/rest_framework/serializers.py", line 795, in data
    ret = super().data
  File "/Users/alekseishatalov/PycharmProjects/MyNewsPaper/venv/lib/python3.8/site-packages/rest_framework/serializers.py", line 249, in data
    self._data = self.to_representation(self.instance)
  File "/Users/alekseishatalov/PycharmProjects/MyNewsPaper/venv/lib/python3.8/site-packages/rest_framework/serializers.py", line 713, in to_representation
    return [
  File "/Users/alekseishatalov/PycharmProjects/MyNewsPaper/venv/lib/python3.8/site-packages/rest_framework/serializers.py", line 714, in <listcomp>
    self.child.to_representation(item) for item in iterable
  File "/Users/alekseishatalov/PycharmProjects/MyNewsPaper/venv/lib/python3.8/site-packages/rest_framework/serializers.py", line 538, in to_representation
    ret[field.field_name] = field.to_representation(attribute)
  File "/Users/alekseishatalov/PycharmProjects/MyNewsPaper/venv/lib/python3.8/site-packages/rest_framework/relations.py", line 411, in to_representation
    raise ImproperlyConfigured(msg % self.view_name)
django.core.exceptions.ImproperlyConfigured: Could not resolve URL for hyperlinked relationship using view name "author-detail". You may have failed to include the related model in your API, or incorrectly configured the `lookup_field` attribute on this field.
2025-02-02 00:44:10,544 [ERROR] /Users/alekseishatalov/PycharmProjects/MyNewsPaper/venv/lib/python3.8/site-packages/django/core/servers/basehttp.py: "GET /posts/ HTTP/1.1" 500 161256
2025-02-02 00:50:09,864 [ERROR] /Users/alekseishatalov/PycharmProjects/MyNewsPaper/venv/lib/python3.8/site-packages/django/utils/log.py: Internal Server Error: /posts/
Traceback (most recent call last):
  File "/Users/alekseishatalov/PycharmProjects/MyNewsPaper/venv/lib/python3.8/site-packages/rest_framework/relations.py", line 396, in to_representation
    url = self.get_url(value, self.view_name, request, format)
  File "/Users/alekseishatalov/PycharmProjects/MyNewsPaper/venv/lib/python3.8/site-packages/rest_framework/relations.py", line 334, in get_url
    return self.reverse(view_name, kwargs=kwargs, request=request, format=format)
  File "/Users/alekseishatalov/PycharmProjects/MyNewsPaper/venv/lib/python3.8/site-packages/rest_framework/reverse.py", line 47, in reverse
    url = _reverse(viewname, args, kwargs, request, format, **extra)
  File "/Users/alekseishatalov/PycharmProjects/MyNewsPaper/venv/lib/python3.8/site-packages/rest_framework/reverse.py", line 60, in _reverse
    url = django_reverse(viewname, args=args, kwargs=kwargs, **extra)
  File "/Users/alekseishatalov/PycharmProjects/MyNewsPaper/venv/lib/python3.8/site-packages/django/urls/base.py", line 88, in reverse
    return resolver._reverse_with_prefix(view, prefix, *args, **kwargs)
  File "/Users/alekseishatalov/PycharmProjects/MyNewsPaper/venv/lib/python3.8/site-packages/django/urls/resolvers.py", line 828, in _reverse_with_prefix
    raise NoReverseMatch(msg)
django.urls.exceptions.NoReverseMatch: Reverse for 'category-detail' not found. 'category-detail' is not a valid view function or pattern name.

During handling of the above exception, another exception occurred:

Traceback (most recent call last):
  File "/Users/alekseishatalov/PycharmProjects/MyNewsPaper/venv/lib/python3.8/site-packages/django/core/handlers/exception.py", line 55, in inner
    response = get_response(request)
  File "/Users/alekseishatalov/PycharmProjects/MyNewsPaper/venv/lib/python3.8/site-packages/django/core/handlers/base.py", line 197, in _get_response
    response = wrapped_callback(request, *callback_args, **callback_kwargs)
  File "/Users/alekseishatalov/PycharmProjects/MyNewsPaper/venv/lib/python3.8/site-packages/django/views/decorators/csrf.py", line 56, in wrapper_view
    return view_func(*args, **kwargs)
  File "/Users/alekseishatalov/PycharmProjects/MyNewsPaper/venv/lib/python3.8/site-packages/rest_framework/viewsets.py", line 124, in view
    return self.dispatch(request, *args, **kwargs)
  File "/Users/alekseishatalov/PycharmProjects/MyNewsPaper/venv/lib/python3.8/site-packages/rest_framework/views.py", line 509, in dispatch
    response = self.handle_exception(exc)
  File "/Users/alekseishatalov/PycharmProjects/MyNewsPaper/venv/lib/python3.8/site-packages/rest_framework/views.py", line 469, in handle_exception
    self.raise_uncaught_exception(exc)
  File "/Users/alekseishatalov/PycharmProjects/MyNewsPaper/venv/lib/python3.8/site-packages/rest_framework/views.py", line 480, in raise_uncaught_exception
    raise exc
  File "/Users/alekseishatalov/PycharmProjects/MyNewsPaper/venv/lib/python3.8/site-packages/rest_framework/views.py", line 506, in dispatch
    response = handler(request, *args, **kwargs)
  File "/Users/alekseishatalov/PycharmProjects/MyNewsPaper/venv/lib/python3.8/site-packages/rest_framework/mixins.py", line 43, in list
    return self.get_paginated_response(serializer.data)
  File "/Users/alekseishatalov/PycharmProjects/MyNewsPaper/venv/lib/python3.8/site-packages/rest_framework/serializers.py", line 795, in data
    ret = super().data
  File "/Users/alekseishatalov/PycharmProjects/MyNewsPaper/venv/lib/python3.8/site-packages/rest_framework/serializers.py", line 249, in data
    self._data = self.to_representation(self.instance)
  File "/Users/alekseishatalov/PycharmProjects/MyNewsPaper/venv/lib/python3.8/site-packages/rest_framework/serializers.py", line 713, in to_representation
    return [
  File "/Users/alekseishatalov/PycharmProjects/MyNewsPaper/venv/lib/python3.8/site-packages/rest_framework/serializers.py", line 714, in <listcomp>
    self.child.to_representation(item) for item in iterable
  File "/Users/alekseishatalov/PycharmProjects/MyNewsPaper/venv/lib/python3.8/site-packages/rest_framework/serializers.py", line 538, in to_representation
    ret[field.field_name] = field.to_representation(attribute)
  File "/Users/alekseishatalov/PycharmProjects/MyNewsPaper/venv/lib/python3.8/site-packages/rest_framework/relations.py", line 564, in to_representation
    return [
  File "/Users/alekseishatalov/PycharmProjects/MyNewsPaper/venv/lib/python3.8/site-packages/rest_framework/relations.py", line 565, in <listcomp>
    self.child_relation.to_representation(value)
  File "/Users/alekseishatalov/PycharmProjects/MyNewsPaper/venv/lib/python3.8/site-packages/rest_framework/relations.py", line 411, in to_representation
    raise ImproperlyConfigured(msg % self.view_name)
django.core.exceptions.ImproperlyConfigured: Could not resolve URL for hyperlinked relationship using view name "category-detail". You may have failed to include the related model in your API, or incorrectly configured the `lookup_field` attribute on this field.
2025-02-02 00:50:09,865 [ERROR] /Users/alekseishatalov/PycharmProjects/MyNewsPaper/venv/lib/python3.8/site-packages/django/core/servers/basehttp.py: "GET /posts/ HTTP/1.1" 500 169097
2025-02-02 11:39:31,874 [ERROR] /Users/alekseishatalov/PycharmProjects/MyNewsPaper/venv/lib/python3.8/site-packages/django/utils/log.py: Internal Server Error: /
Traceback (most recent call last):
  File "/Users/alekseishatalov/PycharmProjects/MyNewsPaper/venv/lib/python3.8/site-packages/django/core/handlers/exception.py", line 55, in inner
    response = get_response(request)
  File "/Users/alekseishatalov/PycharmProjects/MyNewsPaper/venv/lib/python3.8/site-packages/django/core/handlers/base.py", line 220, in _get_response
    response = response.render()
  File "/Users/alekseishatalov/PycharmProjects/MyNewsPaper/venv/lib/python3.8/site-packages/django/template/response.py", line 114, in render
    self.content = self.rendered_content
  File "/Users/alekseishatalov/PycharmProjects/MyNewsPaper/venv/lib/python3.8/site-packages/django/template/response.py", line 92, in rendered_content
    return template.render(context, self._request)
  File "/Users/alekseishatalov/PycharmProjects/MyNewsPaper/venv/lib/python3.8/site-packages/django/template/backends/django.py", line 61, in render
    return self.template.render(context)
  File "/Users/alekseishatalov/PycharmProjects/MyNewsPaper/venv/lib/python3.8/site-packages/django/template/base.py", line 175, in render
    return self._render(context)
  File "/Users/alekseishatalov/PycharmProjects/MyNewsPaper/venv/lib/python3.8/site-packages/django/template/base.py", line 167, in _render
    return self.nodelist.render(context)
  File "/Users/alekseishatalov/PycharmProjects/MyNewsPaper/venv/lib/python3.8/site-packages/django/template/base.py", line 1005, in render
    return SafeString("".join([node.render_annotated(context) for node in self]))
  File "/Users/alekseishatalov/PycharmProjects/MyNewsPaper/venv/lib/python3.8/site-packages/django/template/base.py", line 1005, in <listcomp>
    return SafeString("".join([node.render_annotated(context) for node in self]))
  File "/Users/alekseishatalov/PycharmProjects/MyNewsPaper/venv/lib/python3.8/site-packages/django/template/base.py", line 966, in render_annotated
    return self.render(context)
  File "/Users/alekseishatalov/PycharmProjects/MyNewsPaper/venv/lib/python3.8/site-packages/django/template/loader_tags.py", line 157, in render
    return compiled_parent._render(context)
  File "/Users/alekseishatalov/PycharmProjects/MyNewsPaper/venv/lib/python3.8/site-packages/django/template/base.py", line 167, in _render
    return self.nodelist.render(context)
  File "/Users/alekseishatalov/PycharmProjects/MyNewsPaper/venv/lib/python3.8/site-packages/django/template/base.py", line 1005, in render
    return SafeString("".join([node.render_annotated(context) for node in self]))
  File "/Users/alekseishatalov/PycharmProjects/MyNewsPaper/venv/lib/python3.8/site-packages/django/template/base.py", line 1005, in <listcomp>
    return SafeString("".join([node.render_annotated(context) for node in self]))
  File "/Users/alekseishatalov/PycharmProjects/MyNewsPaper/venv/lib/python3.8/site-packages/django/template/base.py", line 966, in render_annotated
    return self.render(context)
  File "/Users/alekseishatalov/PycharmProjects/MyNewsPaper/venv/lib/python3.8/site-packages/django/template/loader_tags.py", line 63, in render
    result = block.nodelist.render(context)
  File "/Users/alekseishatalov/PycharmProjects/MyNewsPaper/venv/lib/python3.8/site-packages/django/template/base.py", line 1005, in render
    return SafeString("".join([node.render_annotated(context) for node in self]))
  File "/Users/alekseishatalov/PycharmProjects/MyNewsPaper/venv/lib/python3.8/site-packages/django/template/base.py", line 1005, in <listcomp>
    return SafeString("".join([node.render_annotated(context) for node in self]))
  File "/Users/alekseishatalov/PycharmProjects/MyNewsPaper/venv/lib/python3.8/site-packages/django/template/base.py", line 966, in render_annotated
    return self.render(context)
  File "/Users/alekseishatalov/PycharmProjects/MyNewsPaper/venv/lib/python3.8/site-packages/django/template/defaulttags.py", line 321, in render
    return nodelist.render(context)
  File "/Users/alekseishatalov/PycharmProjects/MyNewsPaper/venv/lib/python3.8/site-packages/django/template/base.py", line 1005, in render
    return SafeString("".join([node.render_annotated(context) for node in self]))
  File "/Users/alekseishatalov/PycharmProjects/MyNewsPaper/venv/lib/python3.8/site-packages/django/template/base.py", line 1005, in <listcomp>
    return SafeString("".join([node.render_annotated(context) for node in self]))
  File "/Users/alekseishatalov/PycharmProjects/MyNewsPaper/venv/lib/python3.8/site-packages/django/template/base.py", line 966, in render_annotated
    return self.render(context)
  File "/Users/alekseishatalov/PycharmProjects/MyNewsPaper/venv/lib/python3.8/site-packages/django/template/defaulttags.py", line 238, in render
    nodelist.append(node.render_annotated(context))
  File "/Users/alekseishatalov/PycharmProjects/MyNewsPaper/venv/lib/python3.8/site-packages/django/template/base.py", line 966, in render_annotated
    return self.render(context)
  File "/Users/alekseishatalov/PycharmProjects/MyNewsPaper/venv/lib/python3.8/site-packages/django/template/defaulttags.py", line 471, in render
    url = reverse(view_name, args=args, kwargs=kwargs, current_app=current_app)
  File "/Users/alekseishatalov/PycharmProjects/MyNewsPaper/venv/lib/python3.8/site-packages/django/urls/base.py", line 88, in reverse
    return resolver._reverse_with_prefix(view, prefix, *args, **kwargs)
  File "/Users/alekseishatalov/PycharmProjects/MyNewsPaper/venv/lib/python3.8/site-packages/django/urls/resolvers.py", line 828, in _reverse_with_prefix
    raise NoReverseMatch(msg)
django.urls.exceptions.NoReverseMatch: Reverse for 'post_detail' not found. 'post_detail' is not a valid view function or pattern name.
2025-02-02 11:39:31,877 [ERROR] /Users/alekseishatalov/PycharmProjects/MyNewsPaper/venv/lib/python3.8/site-packages/django/core/servers/basehttp.py: "GET / HTTP/1.1" 500 226568
2025-02-02 11:50:48,122 [ERROR] /Users/alekseishatalov/PycharmProjects/MyNewsPaper/venv/lib/python3.8/site-packages/django/utils/log.py: Internal Server Error: /
Traceback (most recent call last):
  File "/Users/alekseishatalov/PycharmProjects/MyNewsPaper/venv/lib/python3.8/site-packages/django/core/handlers/exception.py", line 55, in inner
    response = get_response(request)
  File "/Users/alekseishatalov/PycharmProjects/MyNewsPaper/venv/lib/python3.8/site-packages/django/core/handlers/base.py", line 220, in _get_response
    response = response.render()
  File "/Users/alekseishatalov/PycharmProjects/MyNewsPaper/venv/lib/python3.8/site-packages/django/template/response.py", line 114, in render
    self.content = self.rendered_content
  File "/Users/alekseishatalov/PycharmProjects/MyNewsPaper/venv/lib/python3.8/site-packages/django/template/response.py", line 92, in rendered_content
    return template.render(context, self._request)
  File "/Users/alekseishatalov/PycharmProjects/MyNewsPaper/venv/lib/python3.8/site-packages/django/template/backends/django.py", line 61, in render
    return self.template.render(context)
  File "/Users/alekseishatalov/PycharmProjects/MyNewsPaper/venv/lib/python3.8/site-packages/django/template/base.py", line 175, in render
    return self._render(context)
  File "/Users/alekseishatalov/PycharmProjects/MyNewsPaper/venv/lib/python3.8/site-packages/django/template/base.py", line 167, in _render
    return self.nodelist.render(context)
  File "/Users/alekseishatalov/PycharmProjects/MyNewsPaper/venv/lib/python3.8/site-packages/django/template/base.py", line 1005, in render
    return SafeString("".join([node.render_annotated(context) for node in self]))
  File "/Users/alekseishatalov/PycharmProjects/MyNewsPaper/venv/lib/python3.8/site-packages/django/template/base.py", line 1005, in <listcomp>
    return SafeString("".join([node.render_annotated(context) for node in self]))
  File "/Users/alekseishatalov/PycharmProjects/MyNewsPaper/venv/lib/python3.8/site-packages/django/template/base.py", line 966, in render_annotated
    return self.render(context)
  File "/Users/alekseishatalov/PycharmProjects/MyNewsPaper/venv/lib/python3.8/site-packages/django/template/loader_tags.py", line 157, in render
    return compiled_parent._render(context)
  File "/Users/alekseishatalov/PycharmProjects/MyNewsPaper/venv/lib/python3.8/site-packages/django/template/base.py", line 167, in _render
    return self.nodelist.render(context)
  File "/Users/alekseishatalov/PycharmProjects/MyNewsPaper/venv/lib/python3.8/site-packages/django/template/base.py", line 1005, in render
    return SafeString("".join([node.render_annotated(context) for node in self]))
  File "/Users/alekseishatalov/PycharmProjects/MyNewsPaper/venv/lib/python3.8/site-packages/django/template/base.py", line 1005, in <listcomp>
    return SafeString("".join([node.render_annotated(context) for node in self]))
  File "/Users/alekseishatalov/PycharmProjects/MyNewsPaper/venv/lib/python3.8/site-packages/django/template/base.py", line 966, in render_annotated
    return self.render(context)
  File "/Users/alekseishatalov/PycharmProjects/MyNewsPaper/venv/lib/python3.8/site-packages/django/template/loader_tags.py", line 63, in render
    result = block.nodelist.render(context)
  File "/Users/alekseishatalov/PycharmProjects/MyNewsPaper/venv/lib/python3.8/site-packages/django/template/base.py", line 1005, in render
    return SafeString("".join([node.render_annotated(context) for node in self]))
  File "/Users/alekseishatalov/PycharmProjects/MyNewsPaper/venv/lib/python3.8/site-packages/django/template/base.py", line 1005, in <listcomp>
    return SafeString("".join([node.render_annotated(context) for node in self]))
  File "/Users/alekseishatalov/PycharmProjects/MyNewsPaper/venv/lib/python3.8/site-packages/django/template/base.py", line 966, in render_annotated
    return self.render(context)
  File "/Users/alekseishatalov/PycharmProjects/MyNewsPaper/venv/lib/python3.8/site-packages/django/template/defaulttags.py", line 321, in render
    return nodelist.render(context)
  File "/Users/alekseishatalov/PycharmProjects/MyNewsPaper/venv/lib/python3.8/site-packages/django/template/base.py", line 1005, in render
    return SafeString("".join([node.render_annotated(context) for node in self]))
  File "/Users/alekseishatalov/PycharmProjects/MyNewsPaper/venv/lib/python3.8/site-packages/django/template/base.py", line 1005, in <listcomp>
    return SafeString("".join([node.render_annotated(context) for node in self]))
  File "/Users/alekseishatalov/PycharmProjects/MyNewsPaper/venv/lib/python3.8/site-packages/django/template/base.py", line 966, in render_annotated
    return self.render(context)
  File "/Users/alekseishatalov/PycharmProjects/MyNewsPaper/venv/lib/python3.8/site-packages/django/template/defaulttags.py", line 238, in render
    nodelist.append(node.render_annotated(context))
  File "/Users/alekseishatalov/PycharmProjects/MyNewsPaper/venv/lib/python3.8/site-packages/django/template/base.py", line 966, in render_annotated
    return self.render(context)
  File "/Users/alekseishatalov/PycharmProjects/MyNewsPaper/venv/lib/python3.8/site-packages/django/template/defaulttags.py", line 471, in render
    url = reverse(view_name, args=args, kwargs=kwargs, current_app=current_app)
  File "/Users/alekseishatalov/PycharmProjects/MyNewsPaper/venv/lib/python3.8/site-packages/django/urls/base.py", line 88, in reverse
    return resolver._reverse_with_prefix(view, prefix, *args, **kwargs)
  File "/Users/alekseishatalov/PycharmProjects/MyNewsPaper/venv/lib/python3.8/site-packages/django/urls/resolvers.py", line 828, in _reverse_with_prefix
    raise NoReverseMatch(msg)
django.urls.exceptions.NoReverseMatch: Reverse for 'post_detail' not found. 'post_detail' is not a valid view function or pattern name.
2025-02-02 11:50:48,128 [ERROR] /Users/alekseishatalov/PycharmProjects/MyNewsPaper/venv/lib/python3.8/site-packages/django/core/servers/basehttp.py: "GET / HTTP/1.1" 500 226705
2025-02-02 11:50:50,692 [ERROR] /Users/alekseishatalov/PycharmProjects/MyNewsPaper/venv/lib/python3.8/site-packages/django/utils/log.py: Internal Server Error: /
Traceback (most recent call last):
  File "/Users/alekseishatalov/PycharmProjects/MyNewsPaper/venv/lib/python3.8/site-packages/django/core/handlers/exception.py", line 55, in inner
    response = get_response(request)
  File "/Users/alekseishatalov/PycharmProjects/MyNewsPaper/venv/lib/python3.8/site-packages/django/core/handlers/base.py", line 220, in _get_response
    response = response.render()
  File "/Users/alekseishatalov/PycharmProjects/MyNewsPaper/venv/lib/python3.8/site-packages/django/template/response.py", line 114, in render
    self.content = self.rendered_content
  File "/Users/alekseishatalov/PycharmProjects/MyNewsPaper/venv/lib/python3.8/site-packages/django/template/response.py", line 92, in rendered_content
    return template.render(context, self._request)
  File "/Users/alekseishatalov/PycharmProjects/MyNewsPaper/venv/lib/python3.8/site-packages/django/template/backends/django.py", line 61, in render
    return self.template.render(context)
  File "/Users/alekseishatalov/PycharmProjects/MyNewsPaper/venv/lib/python3.8/site-packages/django/template/base.py", line 175, in render
    return self._render(context)
  File "/Users/alekseishatalov/PycharmProjects/MyNewsPaper/venv/lib/python3.8/site-packages/django/template/base.py", line 167, in _render
    return self.nodelist.render(context)
  File "/Users/alekseishatalov/PycharmProjects/MyNewsPaper/venv/lib/python3.8/site-packages/django/template/base.py", line 1005, in render
    return SafeString("".join([node.render_annotated(context) for node in self]))
  File "/Users/alekseishatalov/PycharmProjects/MyNewsPaper/venv/lib/python3.8/site-packages/django/template/base.py", line 1005, in <listcomp>
    return SafeString("".join([node.render_annotated(context) for node in self]))
  File "/Users/alekseishatalov/PycharmProjects/MyNewsPaper/venv/lib/python3.8/site-packages/django/template/base.py", line 966, in render_annotated
    return self.render(context)
  File "/Users/alekseishatalov/PycharmProjects/MyNewsPaper/venv/lib/python3.8/site-packages/django/template/loader_tags.py", line 157, in render
    return compiled_parent._render(context)
  File "/Users/alekseishatalov/PycharmProjects/MyNewsPaper/venv/lib/python3.8/site-packages/django/template/base.py", line 167, in _render
    return self.nodelist.render(context)
  File "/Users/alekseishatalov/PycharmProjects/MyNewsPaper/venv/lib/python3.8/site-packages/django/template/base.py", line 1005, in render
    return SafeString("".join([node.render_annotated(context) for node in self]))
  File "/Users/alekseishatalov/PycharmProjects/MyNewsPaper/venv/lib/python3.8/site-packages/django/template/base.py", line 1005, in <listcomp>
    return SafeString("".join([node.render_annotated(context) for node in self]))
  File "/Users/alekseishatalov/PycharmProjects/MyNewsPaper/venv/lib/python3.8/site-packages/django/template/base.py", line 966, in render_annotated
    return self.render(context)
  File "/Users/alekseishatalov/PycharmProjects/MyNewsPaper/venv/lib/python3.8/site-packages/django/template/loader_tags.py", line 63, in render
    result = block.nodelist.render(context)
  File "/Users/alekseishatalov/PycharmProjects/MyNewsPaper/venv/lib/python3.8/site-packages/django/template/base.py", line 1005, in render
    return SafeString("".join([node.render_annotated(context) for node in self]))
  File "/Users/alekseishatalov/PycharmProjects/MyNewsPaper/venv/lib/python3.8/site-packages/django/template/base.py", line 1005, in <listcomp>
    return SafeString("".join([node.render_annotated(context) for node in self]))
  File "/Users/alekseishatalov/PycharmProjects/MyNewsPaper/venv/lib/python3.8/site-packages/django/template/base.py", line 966, in render_annotated
    return self.render(context)
  File "/Users/alekseishatalov/PycharmProjects/MyNewsPaper/venv/lib/python3.8/site-packages/django/template/defaulttags.py", line 321, in render
    return nodelist.render(context)
  File "/Users/alekseishatalov/PycharmProjects/MyNewsPaper/venv/lib/python3.8/site-packages/django/template/base.py", line 1005, in render
    return SafeString("".join([node.render_annotated(context) for node in self]))
  File "/Users/alekseishatalov/PycharmProjects/MyNewsPaper/venv/lib/python3.8/site-packages/django/template/base.py", line 1005, in <listcomp>
    return SafeString("".join([node.render_annotated(context) for node in self]))
  File "/Users/alekseishatalov/PycharmProjects/MyNewsPaper/venv/lib/python3.8/site-packages/django/template/base.py", line 966, in render_annotated
    return self.render(context)
  File "/Users/alekseishatalov/PycharmProjects/MyNewsPaper/venv/lib/python3.8/site-packages/django/template/defaulttags.py", line 238, in render
    nodelist.append(node.render_annotated(context))
  File "/Users/alekseishatalov/PycharmProjects/MyNewsPaper/venv/lib/python3.8/site-packages/django/template/base.py", line 966, in render_annotated
    return self.render(context)
  File "/Users/alekseishatalov/PycharmProjects/MyNewsPaper/venv/lib/python3.8/site-packages/django/template/defaulttags.py", line 471, in render
    url = reverse(view_name, args=args, kwargs=kwargs, current_app=current_app)
  File "/Users/alekseishatalov/PycharmProjects/MyNewsPaper/venv/lib/python3.8/site-packages/django/urls/base.py", line 88, in reverse
    return resolver._reverse_with_prefix(view, prefix, *args, **kwargs)
  File "/Users/alekseishatalov/PycharmProjects/MyNewsPaper/venv/lib/python3.8/site-packages/django/urls/resolvers.py", line 828, in _reverse_with_prefix
    raise NoReverseMatch(msg)
django.urls.exceptions.NoReverseMatch: Reverse for 'post_detail' not found. 'post_detail' is not a valid view function or pattern name.
2025-02-02 11:50:50,693 [ERROR] /Users/alekseishatalov/PycharmProjects/MyNewsPaper/venv/lib/python3.8/site-packages/django/core/servers/basehttp.py: "GET / HTTP/1.1" 500 226705
2025-02-02 11:50:54,260 [ERROR] /Users/alekseishatalov/PycharmProjects/MyNewsPaper/venv/lib/python3.8/site-packages/django/utils/log.py: Internal Server Error: /
Traceback (most recent call last):
  File "/Users/alekseishatalov/PycharmProjects/MyNewsPaper/venv/lib/python3.8/site-packages/django/core/handlers/exception.py", line 55, in inner
    response = get_response(request)
  File "/Users/alekseishatalov/PycharmProjects/MyNewsPaper/venv/lib/python3.8/site-packages/django/core/handlers/base.py", line 220, in _get_response
    response = response.render()
  File "/Users/alekseishatalov/PycharmProjects/MyNewsPaper/venv/lib/python3.8/site-packages/django/template/response.py", line 114, in render
    self.content = self.rendered_content
  File "/Users/alekseishatalov/PycharmProjects/MyNewsPaper/venv/lib/python3.8/site-packages/django/template/response.py", line 92, in rendered_content
    return template.render(context, self._request)
  File "/Users/alekseishatalov/PycharmProjects/MyNewsPaper/venv/lib/python3.8/site-packages/django/template/backends/django.py", line 61, in render
    return self.template.render(context)
  File "/Users/alekseishatalov/PycharmProjects/MyNewsPaper/venv/lib/python3.8/site-packages/django/template/base.py", line 175, in render
    return self._render(context)
  File "/Users/alekseishatalov/PycharmProjects/MyNewsPaper/venv/lib/python3.8/site-packages/django/template/base.py", line 167, in _render
    return self.nodelist.render(context)
  File "/Users/alekseishatalov/PycharmProjects/MyNewsPaper/venv/lib/python3.8/site-packages/django/template/base.py", line 1005, in render
    return SafeString("".join([node.render_annotated(context) for node in self]))
  File "/Users/alekseishatalov/PycharmProjects/MyNewsPaper/venv/lib/python3.8/site-packages/django/template/base.py", line 1005, in <listcomp>
    return SafeString("".join([node.render_annotated(context) for node in self]))
  File "/Users/alekseishatalov/PycharmProjects/MyNewsPaper/venv/lib/python3.8/site-packages/django/template/base.py", line 966, in render_annotated
    return self.render(context)
  File "/Users/alekseishatalov/PycharmProjects/MyNewsPaper/venv/lib/python3.8/site-packages/django/template/loader_tags.py", line 157, in render
    return compiled_parent._render(context)
  File "/Users/alekseishatalov/PycharmProjects/MyNewsPaper/venv/lib/python3.8/site-packages/django/template/base.py", line 167, in _render
    return self.nodelist.render(context)
  File "/Users/alekseishatalov/PycharmProjects/MyNewsPaper/venv/lib/python3.8/site-packages/django/template/base.py", line 1005, in render
    return SafeString("".join([node.render_annotated(context) for node in self]))
  File "/Users/alekseishatalov/PycharmProjects/MyNewsPaper/venv/lib/python3.8/site-packages/django/template/base.py", line 1005, in <listcomp>
    return SafeString("".join([node.render_annotated(context) for node in self]))
  File "/Users/alekseishatalov/PycharmProjects/MyNewsPaper/venv/lib/python3.8/site-packages/django/template/base.py", line 966, in render_annotated
    return self.render(context)
  File "/Users/alekseishatalov/PycharmProjects/MyNewsPaper/venv/lib/python3.8/site-packages/django/template/loader_tags.py", line 63, in render
    result = block.nodelist.render(context)
  File "/Users/alekseishatalov/PycharmProjects/MyNewsPaper/venv/lib/python3.8/site-packages/django/template/base.py", line 1005, in render
    return SafeString("".join([node.render_annotated(context) for node in self]))
  File "/Users/alekseishatalov/PycharmProjects/MyNewsPaper/venv/lib/python3.8/site-packages/django/template/base.py", line 1005, in <listcomp>
    return SafeString("".join([node.render_annotated(context) for node in self]))
  File "/Users/alekseishatalov/PycharmProjects/MyNewsPaper/venv/lib/python3.8/site-packages/django/template/base.py", line 966, in render_annotated
    return self.render(context)
  File "/Users/alekseishatalov/PycharmProjects/MyNewsPaper/venv/lib/python3.8/site-packages/django/template/defaulttags.py", line 321, in render
    return nodelist.render(context)
  File "/Users/alekseishatalov/PycharmProjects/MyNewsPaper/venv/lib/python3.8/site-packages/django/template/base.py", line 1005, in render
    return SafeString("".join([node.render_annotated(context) for node in self]))
  File "/Users/alekseishatalov/PycharmProjects/MyNewsPaper/venv/lib/python3.8/site-packages/django/template/base.py", line 1005, in <listcomp>
    return SafeString("".join([node.render_annotated(context) for node in self]))
  File "/Users/alekseishatalov/PycharmProjects/MyNewsPaper/venv/lib/python3.8/site-packages/django/template/base.py", line 966, in render_annotated
    return self.render(context)
  File "/Users/alekseishatalov/PycharmProjects/MyNewsPaper/venv/lib/python3.8/site-packages/django/template/defaulttags.py", line 238, in render
    nodelist.append(node.render_annotated(context))
  File "/Users/alekseishatalov/PycharmProjects/MyNewsPaper/venv/lib/python3.8/site-packages/django/template/base.py", line 966, in render_annotated
    return self.render(context)
  File "/Users/alekseishatalov/PycharmProjects/MyNewsPaper/venv/lib/python3.8/site-packages/django/template/defaulttags.py", line 471, in render
    url = reverse(view_name, args=args, kwargs=kwargs, current_app=current_app)
  File "/Users/alekseishatalov/PycharmProjects/MyNewsPaper/venv/lib/python3.8/site-packages/django/urls/base.py", line 88, in reverse
    return resolver._reverse_with_prefix(view, prefix, *args, **kwargs)
  File "/Users/alekseishatalov/PycharmProjects/MyNewsPaper/venv/lib/python3.8/site-packages/django/urls/resolvers.py", line 828, in _reverse_with_prefix
    raise NoReverseMatch(msg)
django.urls.exceptions.NoReverseMatch: Reverse for 'post_detail' not found. 'post_detail' is not a valid view function or pattern name.
2025-02-02 11:50:54,261 [ERROR] /Users/alekseishatalov/PycharmProjects/MyNewsPaper/venv/lib/python3.8/site-packages/django/core/servers/basehttp.py: "GET / HTTP/1.1" 500 226705
2025-02-02 11:51:10,908 [ERROR] /Users/alekseishatalov/PycharmProjects/MyNewsPaper/venv/lib/python3.8/site-packages/django/utils/log.py: Internal Server Error: /news/
Traceback (most recent call last):
  File "/Users/alekseishatalov/PycharmProjects/MyNewsPaper/venv/lib/python3.8/site-packages/django/template/base.py", line 505, in parse
    compile_func = self.tags[command]
KeyError: 'trans'

During handling of the above exception, another exception occurred:

Traceback (most recent call last):
  File "/Users/alekseishatalov/PycharmProjects/MyNewsPaper/venv/lib/python3.8/site-packages/django/core/handlers/exception.py", line 55, in inner
    response = get_response(request)
  File "/Users/alekseishatalov/PycharmProjects/MyNewsPaper/venv/lib/python3.8/site-packages/django/core/handlers/base.py", line 220, in _get_response
    response = response.render()
  File "/Users/alekseishatalov/PycharmProjects/MyNewsPaper/venv/lib/python3.8/site-packages/django/template/response.py", line 114, in render
    self.content = self.rendered_content
  File "/Users/alekseishatalov/PycharmProjects/MyNewsPaper/venv/lib/python3.8/site-packages/django/template/response.py", line 90, in rendered_content
    template = self.resolve_template(self.template_name)
  File "/Users/alekseishatalov/PycharmProjects/MyNewsPaper/venv/lib/python3.8/site-packages/django/template/response.py", line 72, in resolve_template
    return select_template(template, using=self.using)
  File "/Users/alekseishatalov/PycharmProjects/MyNewsPaper/venv/lib/python3.8/site-packages/django/template/loader.py", line 42, in select_template
    return engine.get_template(template_name)
  File "/Users/alekseishatalov/PycharmProjects/MyNewsPaper/venv/lib/python3.8/site-packages/django/template/backends/django.py", line 33, in get_template
    return Template(self.engine.get_template(template_name), self)
  File "/Users/alekseishatalov/PycharmProjects/MyNewsPaper/venv/lib/python3.8/site-packages/django/template/engine.py", line 175, in get_template
    template, origin = self.find_template(template_name)
  File "/Users/alekseishatalov/PycharmProjects/MyNewsPaper/venv/lib/python3.8/site-packages/django/template/engine.py", line 157, in find_template
    template = loader.get_template(name, skip=skip)
  File "/Users/alekseishatalov/PycharmProjects/MyNewsPaper/venv/lib/python3.8/site-packages/django/template/loaders/cached.py", line 57, in get_template
    template = super().get_template(template_name, skip)
  File "/Users/alekseishatalov/PycharmProjects/MyNewsPaper/venv/lib/python3.8/site-packages/django/template/loaders/base.py", line 28, in get_template
    return Template(
  File "/Users/alekseishatalov/PycharmProjects/MyNewsPaper/venv/lib/python3.8/site-packages/django/template/base.py", line 154, in __init__
    self.nodelist = self.compile_nodelist()
  File "/Users/alekseishatalov/PycharmProjects/MyNewsPaper/venv/lib/python3.8/site-packages/django/template/base.py", line 200, in compile_nodelist
    return parser.parse()
  File "/Users/alekseishatalov/PycharmProjects/MyNewsPaper/venv/lib/python3.8/site-packages/django/template/base.py", line 513, in parse
    raise self.error(token, e)
  File "/Users/alekseishatalov/PycharmProjects/MyNewsPaper/venv/lib/python3.8/site-packages/django/template/base.py", line 511, in parse
    compiled_result = compile_func(self, token)
  File "/Users/alekseishatalov/PycharmProjects/MyNewsPaper/venv/lib/python3.8/site-packages/django/template/loader_tags.py", line 293, in do_extends
    nodelist = parser.parse()
  File "/Users/alekseishatalov/PycharmProjects/MyNewsPaper/venv/lib/python3.8/site-packages/django/template/base.py", line 513, in parse
    raise self.error(token, e)
  File "/Users/alekseishatalov/PycharmProjects/MyNewsPaper/venv/lib/python3.8/site-packages/django/template/base.py", line 511, in parse
    compiled_result = compile_func(self, token)
  File "/Users/alekseishatalov/PycharmProjects/MyNewsPaper/venv/lib/python3.8/site-packages/django/template/loader_tags.py", line 232, in do_block
    nodelist = parser.parse(("endblock",))
  File "/Users/alekseishatalov/PycharmProjects/MyNewsPaper/venv/lib/python3.8/site-packages/django/template/base.py", line 507, in parse
    self.invalid_block_tag(token, command, parse_until)
  File "/Users/alekseishatalov/PycharmProjects/MyNewsPaper/venv/lib/python3.8/site-packages/django/template/base.py", line 558, in invalid_block_tag
    raise self.error(
django.template.exceptions.TemplateSyntaxError: Invalid block tag on line 4: 'trans', expected 'endblock'. Did you forget to register or load this tag?
2025-02-02 11:51:10,910 [ERROR] /Users/alekseishatalov/PycharmProjects/MyNewsPaper/venv/lib/python3.8/site-packages/django/core/servers/basehttp.py: "GET /news/ HTTP/1.1" 500 167549
2025-02-02 11:53:34,463 [ERROR] /Users/alekseishatalov/PycharmProjects/MyNewsPaper/venv/lib/python3.8/site-packages/django/utils/log.py: Internal Server Error: /
Traceback (most recent call last):
  File "/Users/alekseishatalov/PycharmProjects/MyNewsPaper/venv/lib/python3.8/site-packages/django/core/handlers/exception.py", line 55, in inner
    response = get_response(request)
  File "/Users/alekseishatalov/PycharmProjects/MyNewsPaper/venv/lib/python3.8/site-packages/django/core/handlers/base.py", line 220, in _get_response
    response = response.render()
  File "/Users/alekseishatalov/PycharmProjects/MyNewsPaper/venv/lib/python3.8/site-packages/django/template/response.py", line 114, in render
    self.content = self.rendered_content
  File "/Users/alekseishatalov/PycharmProjects/MyNewsPaper/venv/lib/python3.8/site-packages/django/template/response.py", line 92, in rendered_content
    return template.render(context, self._request)
  File "/Users/alekseishatalov/PycharmProjects/MyNewsPaper/venv/lib/python3.8/site-packages/django/template/backends/django.py", line 61, in render
    return self.template.render(context)
  File "/Users/alekseishatalov/PycharmProjects/MyNewsPaper/venv/lib/python3.8/site-packages/django/template/base.py", line 175, in render
    return self._render(context)
  File "/Users/alekseishatalov/PycharmProjects/MyNewsPaper/venv/lib/python3.8/site-packages/django/template/base.py", line 167, in _render
    return self.nodelist.render(context)
  File "/Users/alekseishatalov/PycharmProjects/MyNewsPaper/venv/lib/python3.8/site-packages/django/template/base.py", line 1005, in render
    return SafeString("".join([node.render_annotated(context) for node in self]))
  File "/Users/alekseishatalov/PycharmProjects/MyNewsPaper/venv/lib/python3.8/site-packages/django/template/base.py", line 1005, in <listcomp>
    return SafeString("".join([node.render_annotated(context) for node in self]))
  File "/Users/alekseishatalov/PycharmProjects/MyNewsPaper/venv/lib/python3.8/site-packages/django/template/base.py", line 966, in render_annotated
    return self.render(context)
  File "/Users/alekseishatalov/PycharmProjects/MyNewsPaper/venv/lib/python3.8/site-packages/django/template/loader_tags.py", line 157, in render
    return compiled_parent._render(context)
  File "/Users/alekseishatalov/PycharmProjects/MyNewsPaper/venv/lib/python3.8/site-packages/django/template/base.py", line 167, in _render
    return self.nodelist.render(context)
  File "/Users/alekseishatalov/PycharmProjects/MyNewsPaper/venv/lib/python3.8/site-packages/django/template/base.py", line 1005, in render
    return SafeString("".join([node.render_annotated(context) for node in self]))
  File "/Users/alekseishatalov/PycharmProjects/MyNewsPaper/venv/lib/python3.8/site-packages/django/template/base.py", line 1005, in <listcomp>
    return SafeString("".join([node.render_annotated(context) for node in self]))
  File "/Users/alekseishatalov/PycharmProjects/MyNewsPaper/venv/lib/python3.8/site-packages/django/template/base.py", line 966, in render_annotated
    return self.render(context)
  File "/Users/alekseishatalov/PycharmProjects/MyNewsPaper/venv/lib/python3.8/site-packages/django/template/loader_tags.py", line 63, in render
    result = block.nodelist.render(context)
  File "/Users/alekseishatalov/PycharmProjects/MyNewsPaper/venv/lib/python3.8/site-packages/django/template/base.py", line 1005, in render
    return SafeString("".join([node.render_annotated(context) for node in self]))
  File "/Users/alekseishatalov/PycharmProjects/MyNewsPaper/venv/lib/python3.8/site-packages/django/template/base.py", line 1005, in <listcomp>
    return SafeString("".join([node.render_annotated(context) for node in self]))
  File "/Users/alekseishatalov/PycharmProjects/MyNewsPaper/venv/lib/python3.8/site-packages/django/template/base.py", line 966, in render_annotated
    return self.render(context)
  File "/Users/alekseishatalov/PycharmProjects/MyNewsPaper/venv/lib/python3.8/site-packages/django/template/defaulttags.py", line 321, in render
    return nodelist.render(context)
  File "/Users/alekseishatalov/PycharmProjects/MyNewsPaper/venv/lib/python3.8/site-packages/django/template/base.py", line 1005, in render
    return SafeString("".join([node.render_annotated(context) for node in self]))
  File "/Users/alekseishatalov/PycharmProjects/MyNewsPaper/venv/lib/python3.8/site-packages/django/template/base.py", line 1005, in <listcomp>
    return SafeString("".join([node.render_annotated(context) for node in self]))
  File "/Users/alekseishatalov/PycharmProjects/MyNewsPaper/venv/lib/python3.8/site-packages/django/template/base.py", line 966, in render_annotated
    return self.render(context)
  File "/Users/alekseishatalov/PycharmProjects/MyNewsPaper/venv/lib/python3.8/site-packages/django/template/defaulttags.py", line 238, in render
    nodelist.append(node.render_annotated(context))
  File "/Users/alekseishatalov/PycharmProjects/MyNewsPaper/venv/lib/python3.8/site-packages/django/template/base.py", line 966, in render_annotated
    return self.render(context)
  File "/Users/alekseishatalov/PycharmProjects/MyNewsPaper/venv/lib/python3.8/site-packages/django/template/defaulttags.py", line 471, in render
    url = reverse(view_name, args=args, kwargs=kwargs, current_app=current_app)
  File "/Users/alekseishatalov/PycharmProjects/MyNewsPaper/venv/lib/python3.8/site-packages/django/urls/base.py", line 88, in reverse
    return resolver._reverse_with_prefix(view, prefix, *args, **kwargs)
  File "/Users/alekseishatalov/PycharmProjects/MyNewsPaper/venv/lib/python3.8/site-packages/django/urls/resolvers.py", line 828, in _reverse_with_prefix
    raise NoReverseMatch(msg)
django.urls.exceptions.NoReverseMatch: Reverse for 'post_detail' not found. 'post_detail' is not a valid view function or pattern name.
2025-02-02 11:53:34,464 [ERROR] /Users/alekseishatalov/PycharmProjects/MyNewsPaper/venv/lib/python3.8/site-packages/django/core/servers/basehttp.py: "GET / HTTP/1.1" 500 226568
